


<html>

<head>
<meta http-equiv="Content-Type" content="text/html; charset=iso-8859-1">
<meta http-equiv="Pragma" content="no-cache">
<meta http-equiv="CACHE-CONTROL" content="NO-STORE, NO-CACHE, MUST-REVALIDATE, POST-CHECK=0, PRE-CHECK=0" />
<meta http-equiv="refresh">
<meta http-equiv="expires" content="-1">
<title>TN SSLC Results</title>
<style type="text/css">
.title {
	font-family: Arial, Helvetica, sans-serif;
	font-size: 18px;
	font-weight: bold;
	color: #003399;
	text-decoration: none;
}
.subtitle {
	font-family: Arial, Helvetica, sans-serif;
	font-size: 18px;
	font-weight: bold;
	color: #003333;
	text-decoration: none;
}
.directorate {
	font-family: Arial, Helvetica, sans-serif;
	font-size: 15px;
	font-weight: bold;
	color: #990000;
	text-decoration: none;
}
.redtext {
	font-family: Arial, Helvetica, sans-serif;
	font-size: 14px;
	font-weight: bold;
	color: #003399;
	text-decoration: none;
}
.footertxt {
	font-family: Arial, Helvetica, sans-serif;
	font-size: 12px;
	font-weight: bold;
	color: #003399;
	text-decoration: none;
}
.sitedesign {
	font-family: Arial, Helvetica, sans-serif;
	font-size: 12px;
	font-weight: bold;
	color: blue;
	text-decoration: none;


}
.style1 {
				color: #008080;
}


</style>

</head>

<body bgcolor="#e6ffe5" bgcolor="#FAFAD2">

<div align="center">
  <center>
  <table border="1" width="475" bordercolordark="#C0C0C0" cellspacing="2" bordercolorlight="#000080">
    <tr>
      <td width="414" colspan="2">
        <p align="center"><b>KARTHICK K (  1508656 )</b></p>
      </td>
    </tr>
    <tr>
      <td width="230" class="subtitle"><b>SUBJECT&nbsp;</b></td>
      <td align="right" width="178" class="subtitle"><b>MARKS</b></td>
    </tr>
    <tr>
      <td width="230" class="redtext"><b>LANGUAGE&nbsp;</b></td>
      <td align="right" width="178"><b>066</b>&nbsp;</td>
    </tr>
    <tr>
      <td width="230" class="redtext"><b>ENGLISH</b></td>
      <td align="right" width="178"><b>047</b>&nbsp;</td>
    </tr>
    <tr>
      <td width="230" class="redtext"><b>MATHS</b></td>
      <td align="right" width="178"><b>064</b>&nbsp;</td>
    </tr>
    
    <tr>
    
      <td   width="230" class="redtext"><b>SCIENCE ( Theory  + Practical ) </b></td>
      <td align="right" width="178"><b>( 058 + 025 )&nbsp;&nbsp; 083</b></td>
     
    </tr>
    <tr>
      <td width="230" class="redtext"><b>SOCIAL</b>&nbsp;</td>
      <td align="right" width="178"><b>079</b>&nbsp;</td>
    </tr>
    <tr>
      <td width="230" class="redtext"><b>TOTAL&nbsp;</b></td>
      <td align="right" width="178"><b>339</b>&nbsp;</td>
    </tr>
    <tr>
      <td width="230" class="subtitle"><b>RESULT</b></td>
      <td align="right" width="178"><b>PASS</b>&nbsp;</td>
    </tr>
    
  </table>
  </center>
</div>

    

<p align="center" class="footertxt"><font color="#800080">Data Processed at Government Data 
Centre, Chennai</font></p>
<p align="center"><font size="2" color="#000080">
<a target="_top" href="http://www.tn.nic.in/" class="sitedesign">
<font color="#000080">Site Designed and hosted by National Informatics Centre</font></a></font></p>
<p align="center" class="style1">For Feedback: info[dot]tn[at]nic[dot]in</p>

</body>

</html>


<html>

<head>
<meta http-equiv="Content-Type" content="text/html; charset=iso-8859-1">
<meta http-equiv="Pragma" content="no-cache">
<meta http-equiv="CACHE-CONTROL" content="NO-STORE, NO-CACHE, MUST-REVALIDATE, POST-CHECK=0, PRE-CHECK=0" />
<meta http-equiv="refresh">
<meta http-equiv="expires" content="-1">
<title>TN SSLC Results</title>
<style type="text/css">
.title {
	font-family: Arial, Helvetica, sans-serif;
	font-size: 18px;
	font-weight: bold;
	color: #003399;
	text-decoration: none;
}
.subtitle {
	font-family: Arial, Helvetica, sans-serif;
	font-size: 18px;
	font-weight: bold;
	color: #003333;
	text-decoration: none;
}
.directorate {
	font-family: Arial, Helvetica, sans-serif;
	font-size: 15px;
	font-weight: bold;
	color: #990000;
	text-decoration: none;
}
.redtext {
	font-family: Arial, Helvetica, sans-serif;
	font-size: 14px;
	font-weight: bold;
	color: #003399;
	text-decoration: none;
}
.footertxt {
	font-family: Arial, Helvetica, sans-serif;
	font-size: 12px;
	font-weight: bold;
	color: #003399;
	text-decoration: none;
}
.sitedesign {
	font-family: Arial, Helvetica, sans-serif;
	font-size: 12px;
	font-weight: bold;
	color: blue;
	text-decoration: none;


}
.style1 {
				color: #008080;
}


</style>

</head>

<body bgcolor="#e6ffe5" bgcolor="#FAFAD2">

<div align="center">
  <center>
  <table border="1" width="475" bordercolordark="#C0C0C0" cellspacing="2" bordercolorlight="#000080">
    <tr>
      <td width="414" colspan="2">
        <p align="center"><b>NAGA NIVEDHITHA A K (  1500000 )</b></p>
      </td>
    </tr>
    <tr>
      <td width="230" class="subtitle"><b>SUBJECT&nbsp;</b></td>
      <td align="right" width="178" class="subtitle"><b>MARKS</b></td>
    </tr>
    <tr>
      <td width="230" class="redtext"><b>LANGUAGE&nbsp;</b></td>
      <td align="right" width="178"><b>095</b>&nbsp;</td>
    </tr>
    <tr>
      <td width="230" class="redtext"><b>ENGLISH</b></td>
      <td align="right" width="178"><b>096</b>&nbsp;</td>
    </tr>
    <tr>
      <td width="230" class="redtext"><b>MATHS</b></td>
      <td align="right" width="178"><b>100</b>&nbsp;</td>
    </tr>
    
    <tr>
    
      <td   width="230" class="redtext"><b>SCIENCE ( Theory  + Practical ) </b></td>
      <td align="right" width="178"><b>( 074 + 025 )&nbsp;&nbsp; 099</b></td>
     
    </tr>
    <tr>
      <td width="230" class="redtext"><b>SOCIAL</b>&nbsp;</td>
      <td align="right" width="178"><b>099</b>&nbsp;</td>
    </tr>
    <tr>
      <td width="230" class="redtext"><b>TOTAL&nbsp;</b></td>
      <td align="right" width="178"><b>489</b>&nbsp;</td>
    </tr>
    <tr>
      <td width="230" class="subtitle"><b>RESULT</b></td>
      <td align="right" width="178"><b>PASS</b>&nbsp;</td>
    </tr>
    
  </table>
  </center>
</div>

    

<p align="center" class="footertxt"><font color="#800080">Data Processed at Government Data 
Centre, Chennai</font></p>
<p align="center"><font size="2" color="#000080">
<a target="_top" href="http://www.tn.nic.in/" class="sitedesign">
<font color="#000080">Site Designed and hosted by National Informatics Centre</font></a></font></p>
<p align="center" class="style1">For Feedback: info[dot]tn[at]nic[dot]in</p>

</body>

</html>


<html>

<head>
<meta http-equiv="Content-Type" content="text/html; charset=iso-8859-1">
<meta http-equiv="Pragma" content="no-cache">
<meta http-equiv="CACHE-CONTROL" content="NO-STORE, NO-CACHE, MUST-REVALIDATE, POST-CHECK=0, PRE-CHECK=0" />
<meta http-equiv="refresh">
<meta http-equiv="expires" content="-1">
<title>TN SSLC Results</title>
<style type="text/css">
.title {
	font-family: Arial, Helvetica, sans-serif;
	font-size: 18px;
	font-weight: bold;
	color: #003399;
	text-decoration: none;
}
.subtitle {
	font-family: Arial, Helvetica, sans-serif;
	font-size: 18px;
	font-weight: bold;
	color: #003333;
	text-decoration: none;
}
.directorate {
	font-family: Arial, Helvetica, sans-serif;
	font-size: 15px;
	font-weight: bold;
	color: #990000;
	text-decoration: none;
}
.redtext {
	font-family: Arial, Helvetica, sans-serif;
	font-size: 14px;
	font-weight: bold;
	color: #003399;
	text-decoration: none;
}
.footertxt {
	font-family: Arial, Helvetica, sans-serif;
	font-size: 12px;
	font-weight: bold;
	color: #003399;
	text-decoration: none;
}
.sitedesign {
	font-family: Arial, Helvetica, sans-serif;
	font-size: 12px;
	font-weight: bold;
	color: blue;
	text-decoration: none;


}
.style1 {
				color: #008080;
}


</style>

</head>

<body bgcolor="#e6ffe5" bgcolor="#FAFAD2">

<div align="center">
  <center>
  <table border="1" width="475" bordercolordark="#C0C0C0" cellspacing="2" bordercolorlight="#000080">
    <tr>
      <td width="414" colspan="2">
        <p align="center"><b>NAGESHWARI K (  1500002 )</b></p>
      </td>
    </tr>
    <tr>
      <td width="230" class="subtitle"><b>SUBJECT&nbsp;</b></td>
      <td align="right" width="178" class="subtitle"><b>MARKS</b></td>
    </tr>
    <tr>
      <td width="230" class="redtext"><b>LANGUAGE&nbsp;</b></td>
      <td align="right" width="178"><b>092</b>&nbsp;</td>
    </tr>
    <tr>
      <td width="230" class="redtext"><b>ENGLISH</b></td>
      <td align="right" width="178"><b>094</b>&nbsp;</td>
    </tr>
    <tr>
      <td width="230" class="redtext"><b>MATHS</b></td>
      <td align="right" width="178"><b>100</b>&nbsp;</td>
    </tr>
    
    <tr>
    
      <td   width="230" class="redtext"><b>SCIENCE ( Theory  + Practical ) </b></td>
      <td align="right" width="178"><b>( 074 + 025 )&nbsp;&nbsp; 099</b></td>
     
    </tr>
    <tr>
      <td width="230" class="redtext"><b>SOCIAL</b>&nbsp;</td>
      <td align="right" width="178"><b>099</b>&nbsp;</td>
    </tr>
    <tr>
      <td width="230" class="redtext"><b>TOTAL&nbsp;</b></td>
      <td align="right" width="178"><b>484</b>&nbsp;</td>
    </tr>
    <tr>
      <td width="230" class="subtitle"><b>RESULT</b></td>
      <td align="right" width="178"><b>PASS</b>&nbsp;</td>
    </tr>
    
  </table>
  </center>
</div>

    

<p align="center" class="footertxt"><font color="#800080">Data Processed at Government Data 
Centre, Chennai</font></p>
<p align="center"><font size="2" color="#000080">
<a target="_top" href="http://www.tn.nic.in/" class="sitedesign">
<font color="#000080">Site Designed and hosted by National Informatics Centre</font></a></font></p>
<p align="center" class="style1">For Feedback: info[dot]tn[at]nic[dot]in</p>

</body>

</html>


<html>

<head>
<meta http-equiv="Content-Type" content="text/html; charset=iso-8859-1">
<meta http-equiv="Pragma" content="no-cache">
<meta http-equiv="CACHE-CONTROL" content="NO-STORE, NO-CACHE, MUST-REVALIDATE, POST-CHECK=0, PRE-CHECK=0" />
<meta http-equiv="refresh">
<meta http-equiv="expires" content="-1">
<title>TN SSLC Results</title>
<style type="text/css">
.title {
	font-family: Arial, Helvetica, sans-serif;
	font-size: 18px;
	font-weight: bold;
	color: #003399;
	text-decoration: none;
}
.subtitle {
	font-family: Arial, Helvetica, sans-serif;
	font-size: 18px;
	font-weight: bold;
	color: #003333;
	text-decoration: none;
}
.directorate {
	font-family: Arial, Helvetica, sans-serif;
	font-size: 15px;
	font-weight: bold;
	color: #990000;
	text-decoration: none;
}
.redtext {
	font-family: Arial, Helvetica, sans-serif;
	font-size: 14px;
	font-weight: bold;
	color: #003399;
	text-decoration: none;
}
.footertxt {
	font-family: Arial, Helvetica, sans-serif;
	font-size: 12px;
	font-weight: bold;
	color: #003399;
	text-decoration: none;
}
.sitedesign {
	font-family: Arial, Helvetica, sans-serif;
	font-size: 12px;
	font-weight: bold;
	color: blue;
	text-decoration: none;


}
.style1 {
				color: #008080;
}


</style>

</head>

<body bgcolor="#e6ffe5" bgcolor="#FAFAD2">

<div align="center">
  <center>
  <table border="1" width="475" bordercolordark="#C0C0C0" cellspacing="2" bordercolorlight="#000080">
    <tr>
      <td width="414" colspan="2">
        <p align="center"><b>NAGHALAKSHMI N (  1500003 )</b></p>
      </td>
    </tr>
    <tr>
      <td width="230" class="subtitle"><b>SUBJECT&nbsp;</b></td>
      <td align="right" width="178" class="subtitle"><b>MARKS</b></td>
    </tr>
    <tr>
      <td width="230" class="redtext"><b>LANGUAGE&nbsp;</b></td>
      <td align="right" width="178"><b>087</b>&nbsp;</td>
    </tr>
    <tr>
      <td width="230" class="redtext"><b>ENGLISH</b></td>
      <td align="right" width="178"><b>090</b>&nbsp;</td>
    </tr>
    <tr>
      <td width="230" class="redtext"><b>MATHS</b></td>
      <td align="right" width="178"><b>085</b>&nbsp;</td>
    </tr>
    
    <tr>
    
      <td   width="230" class="redtext"><b>SCIENCE ( Theory  + Practical ) </b></td>
      <td align="right" width="178"><b>( 072 + 025 )&nbsp;&nbsp; 097</b></td>
     
    </tr>
    <tr>
      <td width="230" class="redtext"><b>SOCIAL</b>&nbsp;</td>
      <td align="right" width="178"><b>086</b>&nbsp;</td>
    </tr>
    <tr>
      <td width="230" class="redtext"><b>TOTAL&nbsp;</b></td>
      <td align="right" width="178"><b>445</b>&nbsp;</td>
    </tr>
    <tr>
      <td width="230" class="subtitle"><b>RESULT</b></td>
      <td align="right" width="178"><b>PASS</b>&nbsp;</td>
    </tr>
    
  </table>
  </center>
</div>

    

<p align="center" class="footertxt"><font color="#800080">Data Processed at Government Data 
Centre, Chennai</font></p>
<p align="center"><font size="2" color="#000080">
<a target="_top" href="http://www.tn.nic.in/" class="sitedesign">
<font color="#000080">Site Designed and hosted by National Informatics Centre</font></a></font></p>
<p align="center" class="style1">For Feedback: info[dot]tn[at]nic[dot]in</p>

</body>

</html>


<html>

<head>
<meta http-equiv="Content-Type" content="text/html; charset=iso-8859-1">
<meta http-equiv="Pragma" content="no-cache">
<meta http-equiv="CACHE-CONTROL" content="NO-STORE, NO-CACHE, MUST-REVALIDATE, POST-CHECK=0, PRE-CHECK=0" />
<meta http-equiv="refresh">
<meta http-equiv="expires" content="-1">
<title>TN SSLC Results</title>
<style type="text/css">
.title {
	font-family: Arial, Helvetica, sans-serif;
	font-size: 18px;
	font-weight: bold;
	color: #003399;
	text-decoration: none;
}
.subtitle {
	font-family: Arial, Helvetica, sans-serif;
	font-size: 18px;
	font-weight: bold;
	color: #003333;
	text-decoration: none;
}
.directorate {
	font-family: Arial, Helvetica, sans-serif;
	font-size: 15px;
	font-weight: bold;
	color: #990000;
	text-decoration: none;
}
.redtext {
	font-family: Arial, Helvetica, sans-serif;
	font-size: 14px;
	font-weight: bold;
	color: #003399;
	text-decoration: none;
}
.footertxt {
	font-family: Arial, Helvetica, sans-serif;
	font-size: 12px;
	font-weight: bold;
	color: #003399;
	text-decoration: none;
}
.sitedesign {
	font-family: Arial, Helvetica, sans-serif;
	font-size: 12px;
	font-weight: bold;
	color: blue;
	text-decoration: none;


}
.style1 {
				color: #008080;
}


</style>

</head>

<body bgcolor="#e6ffe5" bgcolor="#FAFAD2">

<div align="center">
  <center>
  <table border="1" width="475" bordercolordark="#C0C0C0" cellspacing="2" bordercolorlight="#000080">
    <tr>
      <td width="414" colspan="2">
        <p align="center"><b>NANDHINII T V (  1500004 )</b></p>
      </td>
    </tr>
    <tr>
      <td width="230" class="subtitle"><b>SUBJECT&nbsp;</b></td>
      <td align="right" width="178" class="subtitle"><b>MARKS</b></td>
    </tr>
    <tr>
      <td width="230" class="redtext"><b>LANGUAGE&nbsp;</b></td>
      <td align="right" width="178"><b>084</b>&nbsp;</td>
    </tr>
    <tr>
      <td width="230" class="redtext"><b>ENGLISH</b></td>
      <td align="right" width="178"><b>089</b>&nbsp;</td>
    </tr>
    <tr>
      <td width="230" class="redtext"><b>MATHS</b></td>
      <td align="right" width="178"><b>091</b>&nbsp;</td>
    </tr>
    
    <tr>
    
      <td   width="230" class="redtext"><b>SCIENCE ( Theory  + Practical ) </b></td>
      <td align="right" width="178"><b>( 074 + 025 )&nbsp;&nbsp; 099</b></td>
     
    </tr>
    <tr>
      <td width="230" class="redtext"><b>SOCIAL</b>&nbsp;</td>
      <td align="right" width="178"><b>097</b>&nbsp;</td>
    </tr>
    <tr>
      <td width="230" class="redtext"><b>TOTAL&nbsp;</b></td>
      <td align="right" width="178"><b>460</b>&nbsp;</td>
    </tr>
    <tr>
      <td width="230" class="subtitle"><b>RESULT</b></td>
      <td align="right" width="178"><b>PASS</b>&nbsp;</td>
    </tr>
    
  </table>
  </center>
</div>

    

<p align="center" class="footertxt"><font color="#800080">Data Processed at Government Data 
Centre, Chennai</font></p>
<p align="center"><font size="2" color="#000080">
<a target="_top" href="http://www.tn.nic.in/" class="sitedesign">
<font color="#000080">Site Designed and hosted by National Informatics Centre</font></a></font></p>
<p align="center" class="style1">For Feedback: info[dot]tn[at]nic[dot]in</p>

</body>

</html>


<html>

<head>
<meta http-equiv="Content-Type" content="text/html; charset=iso-8859-1">
<meta http-equiv="Pragma" content="no-cache">
<meta http-equiv="CACHE-CONTROL" content="NO-STORE, NO-CACHE, MUST-REVALIDATE, POST-CHECK=0, PRE-CHECK=0" />
<meta http-equiv="refresh">
<meta http-equiv="expires" content="-1">
<title>TN SSLC Results</title>
<style type="text/css">
.title {
	font-family: Arial, Helvetica, sans-serif;
	font-size: 18px;
	font-weight: bold;
	color: #003399;
	text-decoration: none;
}
.subtitle {
	font-family: Arial, Helvetica, sans-serif;
	font-size: 18px;
	font-weight: bold;
	color: #003333;
	text-decoration: none;
}
.directorate {
	font-family: Arial, Helvetica, sans-serif;
	font-size: 15px;
	font-weight: bold;
	color: #990000;
	text-decoration: none;
}
.redtext {
	font-family: Arial, Helvetica, sans-serif;
	font-size: 14px;
	font-weight: bold;
	color: #003399;
	text-decoration: none;
}
.footertxt {
	font-family: Arial, Helvetica, sans-serif;
	font-size: 12px;
	font-weight: bold;
	color: #003399;
	text-decoration: none;
}
.sitedesign {
	font-family: Arial, Helvetica, sans-serif;
	font-size: 12px;
	font-weight: bold;
	color: blue;
	text-decoration: none;


}
.style1 {
				color: #008080;
}


</style>

</head>

<body bgcolor="#e6ffe5" bgcolor="#FAFAD2">

<div align="center">
  <center>
  <table border="1" width="475" bordercolordark="#C0C0C0" cellspacing="2" bordercolorlight="#000080">
    <tr>
      <td width="414" colspan="2">
        <p align="center"><b>NISHA A KU (  1500006 )</b></p>
      </td>
    </tr>
    <tr>
      <td width="230" class="subtitle"><b>SUBJECT&nbsp;</b></td>
      <td align="right" width="178" class="subtitle"><b>MARKS</b></td>
    </tr>
    <tr>
      <td width="230" class="redtext"><b>LANGUAGE&nbsp;</b></td>
      <td align="right" width="178"><b>092</b>&nbsp;</td>
    </tr>
    <tr>
      <td width="230" class="redtext"><b>ENGLISH</b></td>
      <td align="right" width="178"><b>096</b>&nbsp;</td>
    </tr>
    <tr>
      <td width="230" class="redtext"><b>MATHS</b></td>
      <td align="right" width="178"><b>099</b>&nbsp;</td>
    </tr>
    
    <tr>
    
      <td   width="230" class="redtext"><b>SCIENCE ( Theory  + Practical ) </b></td>
      <td align="right" width="178"><b>( 074 + 025 )&nbsp;&nbsp; 099</b></td>
     
    </tr>
    <tr>
      <td width="230" class="redtext"><b>SOCIAL</b>&nbsp;</td>
      <td align="right" width="178"><b>100</b>&nbsp;</td>
    </tr>
    <tr>
      <td width="230" class="redtext"><b>TOTAL&nbsp;</b></td>
      <td align="right" width="178"><b>486</b>&nbsp;</td>
    </tr>
    <tr>
      <td width="230" class="subtitle"><b>RESULT</b></td>
      <td align="right" width="178"><b>PASS</b>&nbsp;</td>
    </tr>
    
  </table>
  </center>
</div>

    

<p align="center" class="footertxt"><font color="#800080">Data Processed at Government Data 
Centre, Chennai</font></p>
<p align="center"><font size="2" color="#000080">
<a target="_top" href="http://www.tn.nic.in/" class="sitedesign">
<font color="#000080">Site Designed and hosted by National Informatics Centre</font></a></font></p>
<p align="center" class="style1">For Feedback: info[dot]tn[at]nic[dot]in</p>

</body>

</html>


<html>

<head>
<meta http-equiv="Content-Type" content="text/html; charset=iso-8859-1">
<meta http-equiv="Pragma" content="no-cache">
<meta http-equiv="CACHE-CONTROL" content="NO-STORE, NO-CACHE, MUST-REVALIDATE, POST-CHECK=0, PRE-CHECK=0" />
<meta http-equiv="refresh">
<meta http-equiv="expires" content="-1">
<title>TN SSLC Results</title>
<style type="text/css">
.title {
	font-family: Arial, Helvetica, sans-serif;
	font-size: 18px;
	font-weight: bold;
	color: #003399;
	text-decoration: none;
}
.subtitle {
	font-family: Arial, Helvetica, sans-serif;
	font-size: 18px;
	font-weight: bold;
	color: #003333;
	text-decoration: none;
}
.directorate {
	font-family: Arial, Helvetica, sans-serif;
	font-size: 15px;
	font-weight: bold;
	color: #990000;
	text-decoration: none;
}
.redtext {
	font-family: Arial, Helvetica, sans-serif;
	font-size: 14px;
	font-weight: bold;
	color: #003399;
	text-decoration: none;
}
.footertxt {
	font-family: Arial, Helvetica, sans-serif;
	font-size: 12px;
	font-weight: bold;
	color: #003399;
	text-decoration: none;
}
.sitedesign {
	font-family: Arial, Helvetica, sans-serif;
	font-size: 12px;
	font-weight: bold;
	color: blue;
	text-decoration: none;


}
.style1 {
				color: #008080;
}


</style>

</head>

<body bgcolor="#e6ffe5" bgcolor="#FAFAD2">

<div align="center">
  <center>
  <table border="1" width="475" bordercolordark="#C0C0C0" cellspacing="2" bordercolorlight="#000080">
    <tr>
      <td width="414" colspan="2">
        <p align="center"><b>NITHYA PRIYA V (  1500007 )</b></p>
      </td>
    </tr>
    <tr>
      <td width="230" class="subtitle"><b>SUBJECT&nbsp;</b></td>
      <td align="right" width="178" class="subtitle"><b>MARKS</b></td>
    </tr>
    <tr>
      <td width="230" class="redtext"><b>LANGUAGE&nbsp;</b></td>
      <td align="right" width="178"><b>079</b>&nbsp;</td>
    </tr>
    <tr>
      <td width="230" class="redtext"><b>ENGLISH</b></td>
      <td align="right" width="178"><b>088</b>&nbsp;</td>
    </tr>
    <tr>
      <td width="230" class="redtext"><b>MATHS</b></td>
      <td align="right" width="178"><b>077</b>&nbsp;</td>
    </tr>
    
    <tr>
    
      <td   width="230" class="redtext"><b>SCIENCE ( Theory  + Practical ) </b></td>
      <td align="right" width="178"><b>( 067 + 025 )&nbsp;&nbsp; 092</b></td>
     
    </tr>
    <tr>
      <td width="230" class="redtext"><b>SOCIAL</b>&nbsp;</td>
      <td align="right" width="178"><b>090</b>&nbsp;</td>
    </tr>
    <tr>
      <td width="230" class="redtext"><b>TOTAL&nbsp;</b></td>
      <td align="right" width="178"><b>426</b>&nbsp;</td>
    </tr>
    <tr>
      <td width="230" class="subtitle"><b>RESULT</b></td>
      <td align="right" width="178"><b>PASS</b>&nbsp;</td>
    </tr>
    
  </table>
  </center>
</div>

    

<p align="center" class="footertxt"><font color="#800080">Data Processed at Government Data 
Centre, Chennai</font></p>
<p align="center"><font size="2" color="#000080">
<a target="_top" href="http://www.tn.nic.in/" class="sitedesign">
<font color="#000080">Site Designed and hosted by National Informatics Centre</font></a></font></p>
<p align="center" class="style1">For Feedback: info[dot]tn[at]nic[dot]in</p>

</body>

</html>


<html>

<head>
<meta http-equiv="Content-Type" content="text/html; charset=iso-8859-1">
<meta http-equiv="Pragma" content="no-cache">
<meta http-equiv="CACHE-CONTROL" content="NO-STORE, NO-CACHE, MUST-REVALIDATE, POST-CHECK=0, PRE-CHECK=0" />
<meta http-equiv="refresh">
<meta http-equiv="expires" content="-1">
<title>TN SSLC Results</title>
<style type="text/css">
.title {
	font-family: Arial, Helvetica, sans-serif;
	font-size: 18px;
	font-weight: bold;
	color: #003399;
	text-decoration: none;
}
.subtitle {
	font-family: Arial, Helvetica, sans-serif;
	font-size: 18px;
	font-weight: bold;
	color: #003333;
	text-decoration: none;
}
.directorate {
	font-family: Arial, Helvetica, sans-serif;
	font-size: 15px;
	font-weight: bold;
	color: #990000;
	text-decoration: none;
}
.redtext {
	font-family: Arial, Helvetica, sans-serif;
	font-size: 14px;
	font-weight: bold;
	color: #003399;
	text-decoration: none;
}
.footertxt {
	font-family: Arial, Helvetica, sans-serif;
	font-size: 12px;
	font-weight: bold;
	color: #003399;
	text-decoration: none;
}
.sitedesign {
	font-family: Arial, Helvetica, sans-serif;
	font-size: 12px;
	font-weight: bold;
	color: blue;
	text-decoration: none;


}
.style1 {
				color: #008080;
}


</style>

</head>

<body bgcolor="#e6ffe5" bgcolor="#FAFAD2">

<div align="center">
  <center>
  <table border="1" width="475" bordercolordark="#C0C0C0" cellspacing="2" bordercolorlight="#000080">
    <tr>
      <td width="414" colspan="2">
        <p align="center"><b>NIVEDARSINI B (  1500008 )</b></p>
      </td>
    </tr>
    <tr>
      <td width="230" class="subtitle"><b>SUBJECT&nbsp;</b></td>
      <td align="right" width="178" class="subtitle"><b>MARKS</b></td>
    </tr>
    <tr>
      <td width="230" class="redtext"><b>LANGUAGE&nbsp;</b></td>
      <td align="right" width="178"><b>085</b>&nbsp;</td>
    </tr>
    <tr>
      <td width="230" class="redtext"><b>ENGLISH</b></td>
      <td align="right" width="178"><b>092</b>&nbsp;</td>
    </tr>
    <tr>
      <td width="230" class="redtext"><b>MATHS</b></td>
      <td align="right" width="178"><b>098</b>&nbsp;</td>
    </tr>
    
    <tr>
    
      <td   width="230" class="redtext"><b>SCIENCE ( Theory  + Practical ) </b></td>
      <td align="right" width="178"><b>( 074 + 025 )&nbsp;&nbsp; 099</b></td>
     
    </tr>
    <tr>
      <td width="230" class="redtext"><b>SOCIAL</b>&nbsp;</td>
      <td align="right" width="178"><b>098</b>&nbsp;</td>
    </tr>
    <tr>
      <td width="230" class="redtext"><b>TOTAL&nbsp;</b></td>
      <td align="right" width="178"><b>472</b>&nbsp;</td>
    </tr>
    <tr>
      <td width="230" class="subtitle"><b>RESULT</b></td>
      <td align="right" width="178"><b>PASS</b>&nbsp;</td>
    </tr>
    
  </table>
  </center>
</div>

    

<p align="center" class="footertxt"><font color="#800080">Data Processed at Government Data 
Centre, Chennai</font></p>
<p align="center"><font size="2" color="#000080">
<a target="_top" href="http://www.tn.nic.in/" class="sitedesign">
<font color="#000080">Site Designed and hosted by National Informatics Centre</font></a></font></p>
<p align="center" class="style1">For Feedback: info[dot]tn[at]nic[dot]in</p>

</body>

</html>


<html>

<head>
<meta http-equiv="Content-Type" content="text/html; charset=iso-8859-1">
<meta http-equiv="Pragma" content="no-cache">
<meta http-equiv="CACHE-CONTROL" content="NO-STORE, NO-CACHE, MUST-REVALIDATE, POST-CHECK=0, PRE-CHECK=0" />
<meta http-equiv="refresh">
<meta http-equiv="expires" content="-1">
<title>TN SSLC Results</title>
<style type="text/css">
.title {
	font-family: Arial, Helvetica, sans-serif;
	font-size: 18px;
	font-weight: bold;
	color: #003399;
	text-decoration: none;
}
.subtitle {
	font-family: Arial, Helvetica, sans-serif;
	font-size: 18px;
	font-weight: bold;
	color: #003333;
	text-decoration: none;
}
.directorate {
	font-family: Arial, Helvetica, sans-serif;
	font-size: 15px;
	font-weight: bold;
	color: #990000;
	text-decoration: none;
}
.redtext {
	font-family: Arial, Helvetica, sans-serif;
	font-size: 14px;
	font-weight: bold;
	color: #003399;
	text-decoration: none;
}
.footertxt {
	font-family: Arial, Helvetica, sans-serif;
	font-size: 12px;
	font-weight: bold;
	color: #003399;
	text-decoration: none;
}
.sitedesign {
	font-family: Arial, Helvetica, sans-serif;
	font-size: 12px;
	font-weight: bold;
	color: blue;
	text-decoration: none;


}
.style1 {
				color: #008080;
}


</style>

</head>

<body bgcolor="#e6ffe5" bgcolor="#FAFAD2">

<div align="center">
  <center>
  <table border="1" width="475" bordercolordark="#C0C0C0" cellspacing="2" bordercolorlight="#000080">
    <tr>
      <td width="414" colspan="2">
        <p align="center"><b>NIVEDHA S (  1500009 )</b></p>
      </td>
    </tr>
    <tr>
      <td width="230" class="subtitle"><b>SUBJECT&nbsp;</b></td>
      <td align="right" width="178" class="subtitle"><b>MARKS</b></td>
    </tr>
    <tr>
      <td width="230" class="redtext"><b>LANGUAGE&nbsp;</b></td>
      <td align="right" width="178"><b>061</b>&nbsp;</td>
    </tr>
    <tr>
      <td width="230" class="redtext"><b>ENGLISH</b></td>
      <td align="right" width="178"><b>081</b>&nbsp;</td>
    </tr>
    <tr>
      <td width="230" class="redtext"><b>MATHS</b></td>
      <td align="right" width="178"><b>049</b>&nbsp;</td>
    </tr>
    
    <tr>
    
      <td   width="230" class="redtext"><b>SCIENCE ( Theory  + Practical ) </b></td>
      <td align="right" width="178"><b>( 066 + 025 )&nbsp;&nbsp; 091</b></td>
     
    </tr>
    <tr>
      <td width="230" class="redtext"><b>SOCIAL</b>&nbsp;</td>
      <td align="right" width="178"><b>090</b>&nbsp;</td>
    </tr>
    <tr>
      <td width="230" class="redtext"><b>TOTAL&nbsp;</b></td>
      <td align="right" width="178"><b>372</b>&nbsp;</td>
    </tr>
    <tr>
      <td width="230" class="subtitle"><b>RESULT</b></td>
      <td align="right" width="178"><b>PASS</b>&nbsp;</td>
    </tr>
    
  </table>
  </center>
</div>

    

<p align="center" class="footertxt"><font color="#800080">Data Processed at Government Data 
Centre, Chennai</font></p>
<p align="center"><font size="2" color="#000080">
<a target="_top" href="http://www.tn.nic.in/" class="sitedesign">
<font color="#000080">Site Designed and hosted by National Informatics Centre</font></a></font></p>
<p align="center" class="style1">For Feedback: info[dot]tn[at]nic[dot]in</p>

</body>

</html>


<html>

<head>
<meta http-equiv="Content-Type" content="text/html; charset=iso-8859-1">
<meta http-equiv="Pragma" content="no-cache">
<meta http-equiv="CACHE-CONTROL" content="NO-STORE, NO-CACHE, MUST-REVALIDATE, POST-CHECK=0, PRE-CHECK=0" />
<meta http-equiv="refresh">
<meta http-equiv="expires" content="-1">
<title>TN SSLC Results</title>
<style type="text/css">
.title {
	font-family: Arial, Helvetica, sans-serif;
	font-size: 18px;
	font-weight: bold;
	color: #003399;
	text-decoration: none;
}
.subtitle {
	font-family: Arial, Helvetica, sans-serif;
	font-size: 18px;
	font-weight: bold;
	color: #003333;
	text-decoration: none;
}
.directorate {
	font-family: Arial, Helvetica, sans-serif;
	font-size: 15px;
	font-weight: bold;
	color: #990000;
	text-decoration: none;
}
.redtext {
	font-family: Arial, Helvetica, sans-serif;
	font-size: 14px;
	font-weight: bold;
	color: #003399;
	text-decoration: none;
}
.footertxt {
	font-family: Arial, Helvetica, sans-serif;
	font-size: 12px;
	font-weight: bold;
	color: #003399;
	text-decoration: none;
}
.sitedesign {
	font-family: Arial, Helvetica, sans-serif;
	font-size: 12px;
	font-weight: bold;
	color: blue;
	text-decoration: none;


}
.style1 {
				color: #008080;
}


</style>

</head>

<body bgcolor="#e6ffe5" bgcolor="#FAFAD2">

<div align="center">
  <center>
  <table border="1" width="475" bordercolordark="#C0C0C0" cellspacing="2" bordercolorlight="#000080">
    <tr>
      <td width="414" colspan="2">
        <p align="center"><b>NIVEDHA V (  1500010 )</b></p>
      </td>
    </tr>
    <tr>
      <td width="230" class="subtitle"><b>SUBJECT&nbsp;</b></td>
      <td align="right" width="178" class="subtitle"><b>MARKS</b></td>
    </tr>
    <tr>
      <td width="230" class="redtext"><b>LANGUAGE&nbsp;</b></td>
      <td align="right" width="178"><b>089</b>&nbsp;</td>
    </tr>
    <tr>
      <td width="230" class="redtext"><b>ENGLISH</b></td>
      <td align="right" width="178"><b>095</b>&nbsp;</td>
    </tr>
    <tr>
      <td width="230" class="redtext"><b>MATHS</b></td>
      <td align="right" width="178"><b>097</b>&nbsp;</td>
    </tr>
    
    <tr>
    
      <td   width="230" class="redtext"><b>SCIENCE ( Theory  + Practical ) </b></td>
      <td align="right" width="178"><b>( 072 + 025 )&nbsp;&nbsp; 097</b></td>
     
    </tr>
    <tr>
      <td width="230" class="redtext"><b>SOCIAL</b>&nbsp;</td>
      <td align="right" width="178"><b>097</b>&nbsp;</td>
    </tr>
    <tr>
      <td width="230" class="redtext"><b>TOTAL&nbsp;</b></td>
      <td align="right" width="178"><b>475</b>&nbsp;</td>
    </tr>
    <tr>
      <td width="230" class="subtitle"><b>RESULT</b></td>
      <td align="right" width="178"><b>PASS</b>&nbsp;</td>
    </tr>
    
  </table>
  </center>
</div>

    

<p align="center" class="footertxt"><font color="#800080">Data Processed at Government Data 
Centre, Chennai</font></p>
<p align="center"><font size="2" color="#000080">
<a target="_top" href="http://www.tn.nic.in/" class="sitedesign">
<font color="#000080">Site Designed and hosted by National Informatics Centre</font></a></font></p>
<p align="center" class="style1">For Feedback: info[dot]tn[at]nic[dot]in</p>

</body>

</html>


<html>

<head>
<meta http-equiv="Content-Type" content="text/html; charset=iso-8859-1">
<meta http-equiv="Pragma" content="no-cache">
<meta http-equiv="CACHE-CONTROL" content="NO-STORE, NO-CACHE, MUST-REVALIDATE, POST-CHECK=0, PRE-CHECK=0" />
<meta http-equiv="refresh">
<meta http-equiv="expires" content="-1">
<title>TN SSLC Results</title>
<style type="text/css">
.title {
	font-family: Arial, Helvetica, sans-serif;
	font-size: 18px;
	font-weight: bold;
	color: #003399;
	text-decoration: none;
}
.subtitle {
	font-family: Arial, Helvetica, sans-serif;
	font-size: 18px;
	font-weight: bold;
	color: #003333;
	text-decoration: none;
}
.directorate {
	font-family: Arial, Helvetica, sans-serif;
	font-size: 15px;
	font-weight: bold;
	color: #990000;
	text-decoration: none;
}
.redtext {
	font-family: Arial, Helvetica, sans-serif;
	font-size: 14px;
	font-weight: bold;
	color: #003399;
	text-decoration: none;
}
.footertxt {
	font-family: Arial, Helvetica, sans-serif;
	font-size: 12px;
	font-weight: bold;
	color: #003399;
	text-decoration: none;
}
.sitedesign {
	font-family: Arial, Helvetica, sans-serif;
	font-size: 12px;
	font-weight: bold;
	color: blue;
	text-decoration: none;


}
.style1 {
				color: #008080;
}


</style>

</head>

<body bgcolor="#e6ffe5" bgcolor="#FAFAD2">

<div align="center">
  <center>
  <table border="1" width="475" bordercolordark="#C0C0C0" cellspacing="2" bordercolorlight="#000080">
    <tr>
      <td width="414" colspan="2">
        <p align="center"><b>NIVETHA B (  1500011 )</b></p>
      </td>
    </tr>
    <tr>
      <td width="230" class="subtitle"><b>SUBJECT&nbsp;</b></td>
      <td align="right" width="178" class="subtitle"><b>MARKS</b></td>
    </tr>
    <tr>
      <td width="230" class="redtext"><b>LANGUAGE&nbsp;</b></td>
      <td align="right" width="178"><b>088</b>&nbsp;</td>
    </tr>
    <tr>
      <td width="230" class="redtext"><b>ENGLISH</b></td>
      <td align="right" width="178"><b>095</b>&nbsp;</td>
    </tr>
    <tr>
      <td width="230" class="redtext"><b>MATHS</b></td>
      <td align="right" width="178"><b>093</b>&nbsp;</td>
    </tr>
    
    <tr>
    
      <td   width="230" class="redtext"><b>SCIENCE ( Theory  + Practical ) </b></td>
      <td align="right" width="178"><b>( 073 + 025 )&nbsp;&nbsp; 098</b></td>
     
    </tr>
    <tr>
      <td width="230" class="redtext"><b>SOCIAL</b>&nbsp;</td>
      <td align="right" width="178"><b>098</b>&nbsp;</td>
    </tr>
    <tr>
      <td width="230" class="redtext"><b>TOTAL&nbsp;</b></td>
      <td align="right" width="178"><b>472</b>&nbsp;</td>
    </tr>
    <tr>
      <td width="230" class="subtitle"><b>RESULT</b></td>
      <td align="right" width="178"><b>PASS</b>&nbsp;</td>
    </tr>
    
  </table>
  </center>
</div>

    

<p align="center" class="footertxt"><font color="#800080">Data Processed at Government Data 
Centre, Chennai</font></p>
<p align="center"><font size="2" color="#000080">
<a target="_top" href="http://www.tn.nic.in/" class="sitedesign">
<font color="#000080">Site Designed and hosted by National Informatics Centre</font></a></font></p>
<p align="center" class="style1">For Feedback: info[dot]tn[at]nic[dot]in</p>

</body>

</html>


<html>

<head>
<meta http-equiv="Content-Type" content="text/html; charset=iso-8859-1">
<meta http-equiv="Pragma" content="no-cache">
<meta http-equiv="CACHE-CONTROL" content="NO-STORE, NO-CACHE, MUST-REVALIDATE, POST-CHECK=0, PRE-CHECK=0" />
<meta http-equiv="refresh">
<meta http-equiv="expires" content="-1">
<title>TN SSLC Results</title>
<style type="text/css">
.title {
	font-family: Arial, Helvetica, sans-serif;
	font-size: 18px;
	font-weight: bold;
	color: #003399;
	text-decoration: none;
}
.subtitle {
	font-family: Arial, Helvetica, sans-serif;
	font-size: 18px;
	font-weight: bold;
	color: #003333;
	text-decoration: none;
}
.directorate {
	font-family: Arial, Helvetica, sans-serif;
	font-size: 15px;
	font-weight: bold;
	color: #990000;
	text-decoration: none;
}
.redtext {
	font-family: Arial, Helvetica, sans-serif;
	font-size: 14px;
	font-weight: bold;
	color: #003399;
	text-decoration: none;
}
.footertxt {
	font-family: Arial, Helvetica, sans-serif;
	font-size: 12px;
	font-weight: bold;
	color: #003399;
	text-decoration: none;
}
.sitedesign {
	font-family: Arial, Helvetica, sans-serif;
	font-size: 12px;
	font-weight: bold;
	color: blue;
	text-decoration: none;


}
.style1 {
				color: #008080;
}


</style>

</head>

<body bgcolor="#e6ffe5" bgcolor="#FAFAD2">

<div align="center">
  <center>
  <table border="1" width="475" bordercolordark="#C0C0C0" cellspacing="2" bordercolorlight="#000080">
    <tr>
      <td width="414" colspan="2">
        <p align="center"><b>NIVETHA R (  1500012 )</b></p>
      </td>
    </tr>
    <tr>
      <td width="230" class="subtitle"><b>SUBJECT&nbsp;</b></td>
      <td align="right" width="178" class="subtitle"><b>MARKS</b></td>
    </tr>
    <tr>
      <td width="230" class="redtext"><b>LANGUAGE&nbsp;</b></td>
      <td align="right" width="178"><b>091</b>&nbsp;</td>
    </tr>
    <tr>
      <td width="230" class="redtext"><b>ENGLISH</b></td>
      <td align="right" width="178"><b>097</b>&nbsp;</td>
    </tr>
    <tr>
      <td width="230" class="redtext"><b>MATHS</b></td>
      <td align="right" width="178"><b>098</b>&nbsp;</td>
    </tr>
    
    <tr>
    
      <td   width="230" class="redtext"><b>SCIENCE ( Theory  + Practical ) </b></td>
      <td align="right" width="178"><b>( 075 + 025 )&nbsp;&nbsp; 100</b></td>
     
    </tr>
    <tr>
      <td width="230" class="redtext"><b>SOCIAL</b>&nbsp;</td>
      <td align="right" width="178"><b>096</b>&nbsp;</td>
    </tr>
    <tr>
      <td width="230" class="redtext"><b>TOTAL&nbsp;</b></td>
      <td align="right" width="178"><b>482</b>&nbsp;</td>
    </tr>
    <tr>
      <td width="230" class="subtitle"><b>RESULT</b></td>
      <td align="right" width="178"><b>PASS</b>&nbsp;</td>
    </tr>
    
  </table>
  </center>
</div>

    

<p align="center" class="footertxt"><font color="#800080">Data Processed at Government Data 
Centre, Chennai</font></p>
<p align="center"><font size="2" color="#000080">
<a target="_top" href="http://www.tn.nic.in/" class="sitedesign">
<font color="#000080">Site Designed and hosted by National Informatics Centre</font></a></font></p>
<p align="center" class="style1">For Feedback: info[dot]tn[at]nic[dot]in</p>

</body>

</html>


<html>

<head>
<meta http-equiv="Content-Type" content="text/html; charset=iso-8859-1">
<meta http-equiv="Pragma" content="no-cache">
<meta http-equiv="CACHE-CONTROL" content="NO-STORE, NO-CACHE, MUST-REVALIDATE, POST-CHECK=0, PRE-CHECK=0" />
<meta http-equiv="refresh">
<meta http-equiv="expires" content="-1">
<title>TN SSLC Results</title>
<style type="text/css">
.title {
	font-family: Arial, Helvetica, sans-serif;
	font-size: 18px;
	font-weight: bold;
	color: #003399;
	text-decoration: none;
}
.subtitle {
	font-family: Arial, Helvetica, sans-serif;
	font-size: 18px;
	font-weight: bold;
	color: #003333;
	text-decoration: none;
}
.directorate {
	font-family: Arial, Helvetica, sans-serif;
	font-size: 15px;
	font-weight: bold;
	color: #990000;
	text-decoration: none;
}
.redtext {
	font-family: Arial, Helvetica, sans-serif;
	font-size: 14px;
	font-weight: bold;
	color: #003399;
	text-decoration: none;
}
.footertxt {
	font-family: Arial, Helvetica, sans-serif;
	font-size: 12px;
	font-weight: bold;
	color: #003399;
	text-decoration: none;
}
.sitedesign {
	font-family: Arial, Helvetica, sans-serif;
	font-size: 12px;
	font-weight: bold;
	color: blue;
	text-decoration: none;


}
.style1 {
				color: #008080;
}


</style>

</head>

<body bgcolor="#e6ffe5" bgcolor="#FAFAD2">

<div align="center">
  <center>
  <table border="1" width="475" bordercolordark="#C0C0C0" cellspacing="2" bordercolorlight="#000080">
    <tr>
      <td width="414" colspan="2">
        <p align="center"><b>OBU MADHUBALA O (  1500013 )</b></p>
      </td>
    </tr>
    <tr>
      <td width="230" class="subtitle"><b>SUBJECT&nbsp;</b></td>
      <td align="right" width="178" class="subtitle"><b>MARKS</b></td>
    </tr>
    <tr>
      <td width="230" class="redtext"><b>LANGUAGE&nbsp;</b></td>
      <td align="right" width="178"><b>093</b>&nbsp;</td>
    </tr>
    <tr>
      <td width="230" class="redtext"><b>ENGLISH</b></td>
      <td align="right" width="178"><b>096</b>&nbsp;</td>
    </tr>
    <tr>
      <td width="230" class="redtext"><b>MATHS</b></td>
      <td align="right" width="178"><b>097</b>&nbsp;</td>
    </tr>
    
    <tr>
    
      <td   width="230" class="redtext"><b>SCIENCE ( Theory  + Practical ) </b></td>
      <td align="right" width="178"><b>( 073 + 025 )&nbsp;&nbsp; 098</b></td>
     
    </tr>
    <tr>
      <td width="230" class="redtext"><b>SOCIAL</b>&nbsp;</td>
      <td align="right" width="178"><b>099</b>&nbsp;</td>
    </tr>
    <tr>
      <td width="230" class="redtext"><b>TOTAL&nbsp;</b></td>
      <td align="right" width="178"><b>483</b>&nbsp;</td>
    </tr>
    <tr>
      <td width="230" class="subtitle"><b>RESULT</b></td>
      <td align="right" width="178"><b>PASS</b>&nbsp;</td>
    </tr>
    
  </table>
  </center>
</div>

    

<p align="center" class="footertxt"><font color="#800080">Data Processed at Government Data 
Centre, Chennai</font></p>
<p align="center"><font size="2" color="#000080">
<a target="_top" href="http://www.tn.nic.in/" class="sitedesign">
<font color="#000080">Site Designed and hosted by National Informatics Centre</font></a></font></p>
<p align="center" class="style1">For Feedback: info[dot]tn[at]nic[dot]in</p>

</body>

</html>


<html>

<head>
<meta http-equiv="Content-Type" content="text/html; charset=iso-8859-1">
<meta http-equiv="Pragma" content="no-cache">
<meta http-equiv="CACHE-CONTROL" content="NO-STORE, NO-CACHE, MUST-REVALIDATE, POST-CHECK=0, PRE-CHECK=0" />
<meta http-equiv="refresh">
<meta http-equiv="expires" content="-1">
<title>TN SSLC Results</title>
<style type="text/css">
.title {
	font-family: Arial, Helvetica, sans-serif;
	font-size: 18px;
	font-weight: bold;
	color: #003399;
	text-decoration: none;
}
.subtitle {
	font-family: Arial, Helvetica, sans-serif;
	font-size: 18px;
	font-weight: bold;
	color: #003333;
	text-decoration: none;
}
.directorate {
	font-family: Arial, Helvetica, sans-serif;
	font-size: 15px;
	font-weight: bold;
	color: #990000;
	text-decoration: none;
}
.redtext {
	font-family: Arial, Helvetica, sans-serif;
	font-size: 14px;
	font-weight: bold;
	color: #003399;
	text-decoration: none;
}
.footertxt {
	font-family: Arial, Helvetica, sans-serif;
	font-size: 12px;
	font-weight: bold;
	color: #003399;
	text-decoration: none;
}
.sitedesign {
	font-family: Arial, Helvetica, sans-serif;
	font-size: 12px;
	font-weight: bold;
	color: blue;
	text-decoration: none;


}
.style1 {
				color: #008080;
}


</style>

</head>

<body bgcolor="#e6ffe5" bgcolor="#FAFAD2">

<div align="center">
  <center>
  <table border="1" width="475" bordercolordark="#C0C0C0" cellspacing="2" bordercolorlight="#000080">
    <tr>
      <td width="414" colspan="2">
        <p align="center"><b>OBU RAKSHANA V (  1500014 )</b></p>
      </td>
    </tr>
    <tr>
      <td width="230" class="subtitle"><b>SUBJECT&nbsp;</b></td>
      <td align="right" width="178" class="subtitle"><b>MARKS</b></td>
    </tr>
    <tr>
      <td width="230" class="redtext"><b>LANGUAGE&nbsp;</b></td>
      <td align="right" width="178"><b>086</b>&nbsp;</td>
    </tr>
    <tr>
      <td width="230" class="redtext"><b>ENGLISH</b></td>
      <td align="right" width="178"><b>092</b>&nbsp;</td>
    </tr>
    <tr>
      <td width="230" class="redtext"><b>MATHS</b></td>
      <td align="right" width="178"><b>080</b>&nbsp;</td>
    </tr>
    
    <tr>
    
      <td   width="230" class="redtext"><b>SCIENCE ( Theory  + Practical ) </b></td>
      <td align="right" width="178"><b>( 070 + 025 )&nbsp;&nbsp; 095</b></td>
     
    </tr>
    <tr>
      <td width="230" class="redtext"><b>SOCIAL</b>&nbsp;</td>
      <td align="right" width="178"><b>098</b>&nbsp;</td>
    </tr>
    <tr>
      <td width="230" class="redtext"><b>TOTAL&nbsp;</b></td>
      <td align="right" width="178"><b>451</b>&nbsp;</td>
    </tr>
    <tr>
      <td width="230" class="subtitle"><b>RESULT</b></td>
      <td align="right" width="178"><b>PASS</b>&nbsp;</td>
    </tr>
    
  </table>
  </center>
</div>

    

<p align="center" class="footertxt"><font color="#800080">Data Processed at Government Data 
Centre, Chennai</font></p>
<p align="center"><font size="2" color="#000080">
<a target="_top" href="http://www.tn.nic.in/" class="sitedesign">
<font color="#000080">Site Designed and hosted by National Informatics Centre</font></a></font></p>
<p align="center" class="style1">For Feedback: info[dot]tn[at]nic[dot]in</p>

</body>

</html>


<html>

<head>
<meta http-equiv="Content-Type" content="text/html; charset=iso-8859-1">
<meta http-equiv="Pragma" content="no-cache">
<meta http-equiv="CACHE-CONTROL" content="NO-STORE, NO-CACHE, MUST-REVALIDATE, POST-CHECK=0, PRE-CHECK=0" />
<meta http-equiv="refresh">
<meta http-equiv="expires" content="-1">
<title>TN SSLC Results</title>
<style type="text/css">
.title {
	font-family: Arial, Helvetica, sans-serif;
	font-size: 18px;
	font-weight: bold;
	color: #003399;
	text-decoration: none;
}
.subtitle {
	font-family: Arial, Helvetica, sans-serif;
	font-size: 18px;
	font-weight: bold;
	color: #003333;
	text-decoration: none;
}
.directorate {
	font-family: Arial, Helvetica, sans-serif;
	font-size: 15px;
	font-weight: bold;
	color: #990000;
	text-decoration: none;
}
.redtext {
	font-family: Arial, Helvetica, sans-serif;
	font-size: 14px;
	font-weight: bold;
	color: #003399;
	text-decoration: none;
}
.footertxt {
	font-family: Arial, Helvetica, sans-serif;
	font-size: 12px;
	font-weight: bold;
	color: #003399;
	text-decoration: none;
}
.sitedesign {
	font-family: Arial, Helvetica, sans-serif;
	font-size: 12px;
	font-weight: bold;
	color: blue;
	text-decoration: none;


}
.style1 {
				color: #008080;
}


</style>

</head>

<body bgcolor="#e6ffe5" bgcolor="#FAFAD2">

<div align="center">
  <center>
  <table border="1" width="475" bordercolordark="#C0C0C0" cellspacing="2" bordercolorlight="#000080">
    <tr>
      <td width="414" colspan="2">
        <p align="center"><b>OBULAKSHMI O (  1500016 )</b></p>
      </td>
    </tr>
    <tr>
      <td width="230" class="subtitle"><b>SUBJECT&nbsp;</b></td>
      <td align="right" width="178" class="subtitle"><b>MARKS</b></td>
    </tr>
    <tr>
      <td width="230" class="redtext"><b>LANGUAGE&nbsp;</b></td>
      <td align="right" width="178"><b>094</b>&nbsp;</td>
    </tr>
    <tr>
      <td width="230" class="redtext"><b>ENGLISH</b></td>
      <td align="right" width="178"><b>096</b>&nbsp;</td>
    </tr>
    <tr>
      <td width="230" class="redtext"><b>MATHS</b></td>
      <td align="right" width="178"><b>100</b>&nbsp;</td>
    </tr>
    
    <tr>
    
      <td   width="230" class="redtext"><b>SCIENCE ( Theory  + Practical ) </b></td>
      <td align="right" width="178"><b>( 073 + 025 )&nbsp;&nbsp; 098</b></td>
     
    </tr>
    <tr>
      <td width="230" class="redtext"><b>SOCIAL</b>&nbsp;</td>
      <td align="right" width="178"><b>099</b>&nbsp;</td>
    </tr>
    <tr>
      <td width="230" class="redtext"><b>TOTAL&nbsp;</b></td>
      <td align="right" width="178"><b>487</b>&nbsp;</td>
    </tr>
    <tr>
      <td width="230" class="subtitle"><b>RESULT</b></td>
      <td align="right" width="178"><b>PASS</b>&nbsp;</td>
    </tr>
    
  </table>
  </center>
</div>

    

<p align="center" class="footertxt"><font color="#800080">Data Processed at Government Data 
Centre, Chennai</font></p>
<p align="center"><font size="2" color="#000080">
<a target="_top" href="http://www.tn.nic.in/" class="sitedesign">
<font color="#000080">Site Designed and hosted by National Informatics Centre</font></a></font></p>
<p align="center" class="style1">For Feedback: info[dot]tn[at]nic[dot]in</p>

</body>

</html>


<html>

<head>
<meta http-equiv="Content-Type" content="text/html; charset=iso-8859-1">
<meta http-equiv="Pragma" content="no-cache">
<meta http-equiv="CACHE-CONTROL" content="NO-STORE, NO-CACHE, MUST-REVALIDATE, POST-CHECK=0, PRE-CHECK=0" />
<meta http-equiv="refresh">
<meta http-equiv="expires" content="-1">
<title>TN SSLC Results</title>
<style type="text/css">
.title {
	font-family: Arial, Helvetica, sans-serif;
	font-size: 18px;
	font-weight: bold;
	color: #003399;
	text-decoration: none;
}
.subtitle {
	font-family: Arial, Helvetica, sans-serif;
	font-size: 18px;
	font-weight: bold;
	color: #003333;
	text-decoration: none;
}
.directorate {
	font-family: Arial, Helvetica, sans-serif;
	font-size: 15px;
	font-weight: bold;
	color: #990000;
	text-decoration: none;
}
.redtext {
	font-family: Arial, Helvetica, sans-serif;
	font-size: 14px;
	font-weight: bold;
	color: #003399;
	text-decoration: none;
}
.footertxt {
	font-family: Arial, Helvetica, sans-serif;
	font-size: 12px;
	font-weight: bold;
	color: #003399;
	text-decoration: none;
}
.sitedesign {
	font-family: Arial, Helvetica, sans-serif;
	font-size: 12px;
	font-weight: bold;
	color: blue;
	text-decoration: none;


}
.style1 {
				color: #008080;
}


</style>

</head>

<body bgcolor="#e6ffe5" bgcolor="#FAFAD2">

<div align="center">
  <center>
  <table border="1" width="475" bordercolordark="#C0C0C0" cellspacing="2" bordercolorlight="#000080">
    <tr>
      <td width="414" colspan="2">
        <p align="center"><b>OBULAXMI S (  1500017 )</b></p>
      </td>
    </tr>
    <tr>
      <td width="230" class="subtitle"><b>SUBJECT&nbsp;</b></td>
      <td align="right" width="178" class="subtitle"><b>MARKS</b></td>
    </tr>
    <tr>
      <td width="230" class="redtext"><b>LANGUAGE&nbsp;</b></td>
      <td align="right" width="178"><b>093</b>&nbsp;</td>
    </tr>
    <tr>
      <td width="230" class="redtext"><b>ENGLISH</b></td>
      <td align="right" width="178"><b>095</b>&nbsp;</td>
    </tr>
    <tr>
      <td width="230" class="redtext"><b>MATHS</b></td>
      <td align="right" width="178"><b>099</b>&nbsp;</td>
    </tr>
    
    <tr>
    
      <td   width="230" class="redtext"><b>SCIENCE ( Theory  + Practical ) </b></td>
      <td align="right" width="178"><b>( 074 + 025 )&nbsp;&nbsp; 099</b></td>
     
    </tr>
    <tr>
      <td width="230" class="redtext"><b>SOCIAL</b>&nbsp;</td>
      <td align="right" width="178"><b>100</b>&nbsp;</td>
    </tr>
    <tr>
      <td width="230" class="redtext"><b>TOTAL&nbsp;</b></td>
      <td align="right" width="178"><b>486</b>&nbsp;</td>
    </tr>
    <tr>
      <td width="230" class="subtitle"><b>RESULT</b></td>
      <td align="right" width="178"><b>PASS</b>&nbsp;</td>
    </tr>
    
  </table>
  </center>
</div>

    

<p align="center" class="footertxt"><font color="#800080">Data Processed at Government Data 
Centre, Chennai</font></p>
<p align="center"><font size="2" color="#000080">
<a target="_top" href="http://www.tn.nic.in/" class="sitedesign">
<font color="#000080">Site Designed and hosted by National Informatics Centre</font></a></font></p>
<p align="center" class="style1">For Feedback: info[dot]tn[at]nic[dot]in</p>

</body>

</html>


<html>

<head>
<meta http-equiv="Content-Type" content="text/html; charset=iso-8859-1">
<meta http-equiv="Pragma" content="no-cache">
<meta http-equiv="CACHE-CONTROL" content="NO-STORE, NO-CACHE, MUST-REVALIDATE, POST-CHECK=0, PRE-CHECK=0" />
<meta http-equiv="refresh">
<meta http-equiv="expires" content="-1">
<title>TN SSLC Results</title>
<style type="text/css">
.title {
	font-family: Arial, Helvetica, sans-serif;
	font-size: 18px;
	font-weight: bold;
	color: #003399;
	text-decoration: none;
}
.subtitle {
	font-family: Arial, Helvetica, sans-serif;
	font-size: 18px;
	font-weight: bold;
	color: #003333;
	text-decoration: none;
}
.directorate {
	font-family: Arial, Helvetica, sans-serif;
	font-size: 15px;
	font-weight: bold;
	color: #990000;
	text-decoration: none;
}
.redtext {
	font-family: Arial, Helvetica, sans-serif;
	font-size: 14px;
	font-weight: bold;
	color: #003399;
	text-decoration: none;
}
.footertxt {
	font-family: Arial, Helvetica, sans-serif;
	font-size: 12px;
	font-weight: bold;
	color: #003399;
	text-decoration: none;
}
.sitedesign {
	font-family: Arial, Helvetica, sans-serif;
	font-size: 12px;
	font-weight: bold;
	color: blue;
	text-decoration: none;


}
.style1 {
				color: #008080;
}


</style>

</head>

<body bgcolor="#e6ffe5" bgcolor="#FAFAD2">

<div align="center">
  <center>
  <table border="1" width="475" bordercolordark="#C0C0C0" cellspacing="2" bordercolorlight="#000080">
    <tr>
      <td width="414" colspan="2">
        <p align="center"><b>POOJA P (  1500018 )</b></p>
      </td>
    </tr>
    <tr>
      <td width="230" class="subtitle"><b>SUBJECT&nbsp;</b></td>
      <td align="right" width="178" class="subtitle"><b>MARKS</b></td>
    </tr>
    <tr>
      <td width="230" class="redtext"><b>LANGUAGE&nbsp;</b></td>
      <td align="right" width="178"><b>086</b>&nbsp;</td>
    </tr>
    <tr>
      <td width="230" class="redtext"><b>ENGLISH</b></td>
      <td align="right" width="178"><b>092</b>&nbsp;</td>
    </tr>
    <tr>
      <td width="230" class="redtext"><b>MATHS</b></td>
      <td align="right" width="178"><b>085</b>&nbsp;</td>
    </tr>
    
    <tr>
    
      <td   width="230" class="redtext"><b>SCIENCE ( Theory  + Practical ) </b></td>
      <td align="right" width="178"><b>( 070 + 025 )&nbsp;&nbsp; 095</b></td>
     
    </tr>
    <tr>
      <td width="230" class="redtext"><b>SOCIAL</b>&nbsp;</td>
      <td align="right" width="178"><b>093</b>&nbsp;</td>
    </tr>
    <tr>
      <td width="230" class="redtext"><b>TOTAL&nbsp;</b></td>
      <td align="right" width="178"><b>451</b>&nbsp;</td>
    </tr>
    <tr>
      <td width="230" class="subtitle"><b>RESULT</b></td>
      <td align="right" width="178"><b>PASS</b>&nbsp;</td>
    </tr>
    
  </table>
  </center>
</div>

    

<p align="center" class="footertxt"><font color="#800080">Data Processed at Government Data 
Centre, Chennai</font></p>
<p align="center"><font size="2" color="#000080">
<a target="_top" href="http://www.tn.nic.in/" class="sitedesign">
<font color="#000080">Site Designed and hosted by National Informatics Centre</font></a></font></p>
<p align="center" class="style1">For Feedback: info[dot]tn[at]nic[dot]in</p>

</body>

</html>


<html>

<head>
<meta http-equiv="Content-Type" content="text/html; charset=iso-8859-1">
<meta http-equiv="Pragma" content="no-cache">
<meta http-equiv="CACHE-CONTROL" content="NO-STORE, NO-CACHE, MUST-REVALIDATE, POST-CHECK=0, PRE-CHECK=0" />
<meta http-equiv="refresh">
<meta http-equiv="expires" content="-1">
<title>TN SSLC Results</title>
<style type="text/css">
.title {
	font-family: Arial, Helvetica, sans-serif;
	font-size: 18px;
	font-weight: bold;
	color: #003399;
	text-decoration: none;
}
.subtitle {
	font-family: Arial, Helvetica, sans-serif;
	font-size: 18px;
	font-weight: bold;
	color: #003333;
	text-decoration: none;
}
.directorate {
	font-family: Arial, Helvetica, sans-serif;
	font-size: 15px;
	font-weight: bold;
	color: #990000;
	text-decoration: none;
}
.redtext {
	font-family: Arial, Helvetica, sans-serif;
	font-size: 14px;
	font-weight: bold;
	color: #003399;
	text-decoration: none;
}
.footertxt {
	font-family: Arial, Helvetica, sans-serif;
	font-size: 12px;
	font-weight: bold;
	color: #003399;
	text-decoration: none;
}
.sitedesign {
	font-family: Arial, Helvetica, sans-serif;
	font-size: 12px;
	font-weight: bold;
	color: blue;
	text-decoration: none;


}
.style1 {
				color: #008080;
}


</style>

</head>

<body bgcolor="#e6ffe5" bgcolor="#FAFAD2">

<div align="center">
  <center>
  <table border="1" width="475" bordercolordark="#C0C0C0" cellspacing="2" bordercolorlight="#000080">
    <tr>
      <td width="414" colspan="2">
        <p align="center"><b>POORNACHANDHRA R (  1500019 )</b></p>
      </td>
    </tr>
    <tr>
      <td width="230" class="subtitle"><b>SUBJECT&nbsp;</b></td>
      <td align="right" width="178" class="subtitle"><b>MARKS</b></td>
    </tr>
    <tr>
      <td width="230" class="redtext"><b>LANGUAGE&nbsp;</b></td>
      <td align="right" width="178"><b>095</b>&nbsp;</td>
    </tr>
    <tr>
      <td width="230" class="redtext"><b>ENGLISH</b></td>
      <td align="right" width="178"><b>095</b>&nbsp;</td>
    </tr>
    <tr>
      <td width="230" class="redtext"><b>MATHS</b></td>
      <td align="right" width="178"><b>100</b>&nbsp;</td>
    </tr>
    
    <tr>
    
      <td   width="230" class="redtext"><b>SCIENCE ( Theory  + Practical ) </b></td>
      <td align="right" width="178"><b>( 073 + 025 )&nbsp;&nbsp; 098</b></td>
     
    </tr>
    <tr>
      <td width="230" class="redtext"><b>SOCIAL</b>&nbsp;</td>
      <td align="right" width="178"><b>099</b>&nbsp;</td>
    </tr>
    <tr>
      <td width="230" class="redtext"><b>TOTAL&nbsp;</b></td>
      <td align="right" width="178"><b>487</b>&nbsp;</td>
    </tr>
    <tr>
      <td width="230" class="subtitle"><b>RESULT</b></td>
      <td align="right" width="178"><b>PASS</b>&nbsp;</td>
    </tr>
    
  </table>
  </center>
</div>

    

<p align="center" class="footertxt"><font color="#800080">Data Processed at Government Data 
Centre, Chennai</font></p>
<p align="center"><font size="2" color="#000080">
<a target="_top" href="http://www.tn.nic.in/" class="sitedesign">
<font color="#000080">Site Designed and hosted by National Informatics Centre</font></a></font></p>
<p align="center" class="style1">For Feedback: info[dot]tn[at]nic[dot]in</p>

</body>

</html>


<html>

<head>
<meta http-equiv="Content-Type" content="text/html; charset=iso-8859-1">
<meta http-equiv="Pragma" content="no-cache">
<meta http-equiv="CACHE-CONTROL" content="NO-STORE, NO-CACHE, MUST-REVALIDATE, POST-CHECK=0, PRE-CHECK=0" />
<meta http-equiv="refresh">
<meta http-equiv="expires" content="-1">
<title>TN SSLC Results</title>
<style type="text/css">
.title {
	font-family: Arial, Helvetica, sans-serif;
	font-size: 18px;
	font-weight: bold;
	color: #003399;
	text-decoration: none;
}
.subtitle {
	font-family: Arial, Helvetica, sans-serif;
	font-size: 18px;
	font-weight: bold;
	color: #003333;
	text-decoration: none;
}
.directorate {
	font-family: Arial, Helvetica, sans-serif;
	font-size: 15px;
	font-weight: bold;
	color: #990000;
	text-decoration: none;
}
.redtext {
	font-family: Arial, Helvetica, sans-serif;
	font-size: 14px;
	font-weight: bold;
	color: #003399;
	text-decoration: none;
}
.footertxt {
	font-family: Arial, Helvetica, sans-serif;
	font-size: 12px;
	font-weight: bold;
	color: #003399;
	text-decoration: none;
}
.sitedesign {
	font-family: Arial, Helvetica, sans-serif;
	font-size: 12px;
	font-weight: bold;
	color: blue;
	text-decoration: none;


}
.style1 {
				color: #008080;
}


</style>

</head>

<body bgcolor="#e6ffe5" bgcolor="#FAFAD2">

<div align="center">
  <center>
  <table border="1" width="475" bordercolordark="#C0C0C0" cellspacing="2" bordercolorlight="#000080">
    <tr>
      <td width="414" colspan="2">
        <p align="center"><b>PREETHI K (  1500020 )</b></p>
      </td>
    </tr>
    <tr>
      <td width="230" class="subtitle"><b>SUBJECT&nbsp;</b></td>
      <td align="right" width="178" class="subtitle"><b>MARKS</b></td>
    </tr>
    <tr>
      <td width="230" class="redtext"><b>LANGUAGE&nbsp;</b></td>
      <td align="right" width="178"><b>085</b>&nbsp;</td>
    </tr>
    <tr>
      <td width="230" class="redtext"><b>ENGLISH</b></td>
      <td align="right" width="178"><b>091</b>&nbsp;</td>
    </tr>
    <tr>
      <td width="230" class="redtext"><b>MATHS</b></td>
      <td align="right" width="178"><b>080</b>&nbsp;</td>
    </tr>
    
    <tr>
    
      <td   width="230" class="redtext"><b>SCIENCE ( Theory  + Practical ) </b></td>
      <td align="right" width="178"><b>( 065 + 025 )&nbsp;&nbsp; 090</b></td>
     
    </tr>
    <tr>
      <td width="230" class="redtext"><b>SOCIAL</b>&nbsp;</td>
      <td align="right" width="178"><b>095</b>&nbsp;</td>
    </tr>
    <tr>
      <td width="230" class="redtext"><b>TOTAL&nbsp;</b></td>
      <td align="right" width="178"><b>441</b>&nbsp;</td>
    </tr>
    <tr>
      <td width="230" class="subtitle"><b>RESULT</b></td>
      <td align="right" width="178"><b>PASS</b>&nbsp;</td>
    </tr>
    
  </table>
  </center>
</div>

    

<p align="center" class="footertxt"><font color="#800080">Data Processed at Government Data 
Centre, Chennai</font></p>
<p align="center"><font size="2" color="#000080">
<a target="_top" href="http://www.tn.nic.in/" class="sitedesign">
<font color="#000080">Site Designed and hosted by National Informatics Centre</font></a></font></p>
<p align="center" class="style1">For Feedback: info[dot]tn[at]nic[dot]in</p>

</body>

</html>


<html>

<head>
<meta http-equiv="Content-Type" content="text/html; charset=iso-8859-1">
<meta http-equiv="Pragma" content="no-cache">
<meta http-equiv="CACHE-CONTROL" content="NO-STORE, NO-CACHE, MUST-REVALIDATE, POST-CHECK=0, PRE-CHECK=0" />
<meta http-equiv="refresh">
<meta http-equiv="expires" content="-1">
<title>TN SSLC Results</title>
<style type="text/css">
.title {
	font-family: Arial, Helvetica, sans-serif;
	font-size: 18px;
	font-weight: bold;
	color: #003399;
	text-decoration: none;
}
.subtitle {
	font-family: Arial, Helvetica, sans-serif;
	font-size: 18px;
	font-weight: bold;
	color: #003333;
	text-decoration: none;
}
.directorate {
	font-family: Arial, Helvetica, sans-serif;
	font-size: 15px;
	font-weight: bold;
	color: #990000;
	text-decoration: none;
}
.redtext {
	font-family: Arial, Helvetica, sans-serif;
	font-size: 14px;
	font-weight: bold;
	color: #003399;
	text-decoration: none;
}
.footertxt {
	font-family: Arial, Helvetica, sans-serif;
	font-size: 12px;
	font-weight: bold;
	color: #003399;
	text-decoration: none;
}
.sitedesign {
	font-family: Arial, Helvetica, sans-serif;
	font-size: 12px;
	font-weight: bold;
	color: blue;
	text-decoration: none;


}
.style1 {
				color: #008080;
}


</style>

</head>

<body bgcolor="#e6ffe5" bgcolor="#FAFAD2">

<div align="center">
  <center>
  <table border="1" width="475" bordercolordark="#C0C0C0" cellspacing="2" bordercolorlight="#000080">
    <tr>
      <td width="414" colspan="2">
        <p align="center"><b>PRIYA L (  1499900 )</b></p>
      </td>
    </tr>
    <tr>
      <td width="230" class="subtitle"><b>SUBJECT&nbsp;</b></td>
      <td align="right" width="178" class="subtitle"><b>MARKS</b></td>
    </tr>
    <tr>
      <td width="230" class="redtext"><b>LANGUAGE&nbsp;</b></td>
      <td align="right" width="178"><b>052</b>&nbsp;</td>
    </tr>
    <tr>
      <td width="230" class="redtext"><b>ENGLISH</b></td>
      <td align="right" width="178"><b>055</b>&nbsp;</td>
    </tr>
    <tr>
      <td width="230" class="redtext"><b>MATHS</b></td>
      <td align="right" width="178"><b>046</b>&nbsp;</td>
    </tr>
    
    <tr>
    
      <td   width="230" class="redtext"><b>SCIENCE ( Theory  + Practical ) </b></td>
      <td align="right" width="178"><b>( 048 + 025 )&nbsp;&nbsp; 073</b></td>
     
    </tr>
    <tr>
      <td width="230" class="redtext"><b>SOCIAL</b>&nbsp;</td>
      <td align="right" width="178"><b>053</b>&nbsp;</td>
    </tr>
    <tr>
      <td width="230" class="redtext"><b>TOTAL&nbsp;</b></td>
      <td align="right" width="178"><b>279</b>&nbsp;</td>
    </tr>
    <tr>
      <td width="230" class="subtitle"><b>RESULT</b></td>
      <td align="right" width="178"><b>PASS</b>&nbsp;</td>
    </tr>
    
  </table>
  </center>
</div>

    

<p align="center" class="footertxt"><font color="#800080">Data Processed at Government Data 
Centre, Chennai</font></p>
<p align="center"><font size="2" color="#000080">
<a target="_top" href="http://www.tn.nic.in/" class="sitedesign">
<font color="#000080">Site Designed and hosted by National Informatics Centre</font></a></font></p>
<p align="center" class="style1">For Feedback: info[dot]tn[at]nic[dot]in</p>

</body>

</html>


<html>

<head>
<meta http-equiv="Content-Type" content="text/html; charset=iso-8859-1">
<meta http-equiv="Pragma" content="no-cache">
<meta http-equiv="CACHE-CONTROL" content="NO-STORE, NO-CACHE, MUST-REVALIDATE, POST-CHECK=0, PRE-CHECK=0" />
<meta http-equiv="refresh">
<meta http-equiv="expires" content="-1">
<title>TN SSLC Results</title>
<style type="text/css">
.title {
	font-family: Arial, Helvetica, sans-serif;
	font-size: 18px;
	font-weight: bold;
	color: #003399;
	text-decoration: none;
}
.subtitle {
	font-family: Arial, Helvetica, sans-serif;
	font-size: 18px;
	font-weight: bold;
	color: #003333;
	text-decoration: none;
}
.directorate {
	font-family: Arial, Helvetica, sans-serif;
	font-size: 15px;
	font-weight: bold;
	color: #990000;
	text-decoration: none;
}
.redtext {
	font-family: Arial, Helvetica, sans-serif;
	font-size: 14px;
	font-weight: bold;
	color: #003399;
	text-decoration: none;
}
.footertxt {
	font-family: Arial, Helvetica, sans-serif;
	font-size: 12px;
	font-weight: bold;
	color: #003399;
	text-decoration: none;
}
.sitedesign {
	font-family: Arial, Helvetica, sans-serif;
	font-size: 12px;
	font-weight: bold;
	color: blue;
	text-decoration: none;


}
.style1 {
				color: #008080;
}


</style>

</head>

<body bgcolor="#e6ffe5" bgcolor="#FAFAD2">

<div align="center">
  <center>
  <table border="1" width="475" bordercolordark="#C0C0C0" cellspacing="2" bordercolorlight="#000080">
    <tr>
      <td width="414" colspan="2">
        <p align="center"><b>FATHIMA TABASSUM B N (  1499950 )</b></p>
      </td>
    </tr>
    <tr>
      <td width="230" class="subtitle"><b>SUBJECT&nbsp;</b></td>
      <td align="right" width="178" class="subtitle"><b>MARKS</b></td>
    </tr>
    <tr>
      <td width="230" class="redtext"><b>LANGUAGE&nbsp;</b></td>
      <td align="right" width="178"><b>085</b>&nbsp;</td>
    </tr>
    <tr>
      <td width="230" class="redtext"><b>ENGLISH</b></td>
      <td align="right" width="178"><b>085</b>&nbsp;</td>
    </tr>
    <tr>
      <td width="230" class="redtext"><b>MATHS</b></td>
      <td align="right" width="178"><b>099</b>&nbsp;</td>
    </tr>
    
    <tr>
    
      <td   width="230" class="redtext"><b>SCIENCE ( Theory  + Practical ) </b></td>
      <td align="right" width="178"><b>( 071 + 025 )&nbsp;&nbsp; 096</b></td>
     
    </tr>
    <tr>
      <td width="230" class="redtext"><b>SOCIAL</b>&nbsp;</td>
      <td align="right" width="178"><b>099</b>&nbsp;</td>
    </tr>
    <tr>
      <td width="230" class="redtext"><b>TOTAL&nbsp;</b></td>
      <td align="right" width="178"><b>464</b>&nbsp;</td>
    </tr>
    <tr>
      <td width="230" class="subtitle"><b>RESULT</b></td>
      <td align="right" width="178"><b>PASS</b>&nbsp;</td>
    </tr>
    
  </table>
  </center>
</div>

    

<p align="center" class="footertxt"><font color="#800080">Data Processed at Government Data 
Centre, Chennai</font></p>
<p align="center"><font size="2" color="#000080">
<a target="_top" href="http://www.tn.nic.in/" class="sitedesign">
<font color="#000080">Site Designed and hosted by National Informatics Centre</font></a></font></p>
<p align="center" class="style1">For Feedback: info[dot]tn[at]nic[dot]in</p>

</body>

</html>


<html>

<head>
<meta http-equiv="Content-Type" content="text/html; charset=iso-8859-1">
<meta http-equiv="Pragma" content="no-cache">
<meta http-equiv="CACHE-CONTROL" content="NO-STORE, NO-CACHE, MUST-REVALIDATE, POST-CHECK=0, PRE-CHECK=0" />
<meta http-equiv="refresh">
<meta http-equiv="expires" content="-1">
<title>TN SSLC Results</title>
<style type="text/css">
.title {
	font-family: Arial, Helvetica, sans-serif;
	font-size: 18px;
	font-weight: bold;
	color: #003399;
	text-decoration: none;
}
.subtitle {
	font-family: Arial, Helvetica, sans-serif;
	font-size: 18px;
	font-weight: bold;
	color: #003333;
	text-decoration: none;
}
.directorate {
	font-family: Arial, Helvetica, sans-serif;
	font-size: 15px;
	font-weight: bold;
	color: #990000;
	text-decoration: none;
}
.redtext {
	font-family: Arial, Helvetica, sans-serif;
	font-size: 14px;
	font-weight: bold;
	color: #003399;
	text-decoration: none;
}
.footertxt {
	font-family: Arial, Helvetica, sans-serif;
	font-size: 12px;
	font-weight: bold;
	color: #003399;
	text-decoration: none;
}
.sitedesign {
	font-family: Arial, Helvetica, sans-serif;
	font-size: 12px;
	font-weight: bold;
	color: blue;
	text-decoration: none;


}
.style1 {
				color: #008080;
}


</style>

</head>

<body bgcolor="#e6ffe5" bgcolor="#FAFAD2">

<div align="center">
  <center>
  <table border="1" width="475" bordercolordark="#C0C0C0" cellspacing="2" bordercolorlight="#000080">
    <tr>
      <td width="414" colspan="2">
        <p align="center"><b>BRINDHAA S (  1499940 )</b></p>
      </td>
    </tr>
    <tr>
      <td width="230" class="subtitle"><b>SUBJECT&nbsp;</b></td>
      <td align="right" width="178" class="subtitle"><b>MARKS</b></td>
    </tr>
    <tr>
      <td width="230" class="redtext"><b>LANGUAGE&nbsp;</b></td>
      <td align="right" width="178"><b>096</b>&nbsp;</td>
    </tr>
    <tr>
      <td width="230" class="redtext"><b>ENGLISH</b></td>
      <td align="right" width="178"><b>091</b>&nbsp;</td>
    </tr>
    <tr>
      <td width="230" class="redtext"><b>MATHS</b></td>
      <td align="right" width="178"><b>100</b>&nbsp;</td>
    </tr>
    
    <tr>
    
      <td   width="230" class="redtext"><b>SCIENCE ( Theory  + Practical ) </b></td>
      <td align="right" width="178"><b>( 074 + 025 )&nbsp;&nbsp; 099</b></td>
     
    </tr>
    <tr>
      <td width="230" class="redtext"><b>SOCIAL</b>&nbsp;</td>
      <td align="right" width="178"><b>099</b>&nbsp;</td>
    </tr>
    <tr>
      <td width="230" class="redtext"><b>TOTAL&nbsp;</b></td>
      <td align="right" width="178"><b>485</b>&nbsp;</td>
    </tr>
    <tr>
      <td width="230" class="subtitle"><b>RESULT</b></td>
      <td align="right" width="178"><b>PASS</b>&nbsp;</td>
    </tr>
    
  </table>
  </center>
</div>

    

<p align="center" class="footertxt"><font color="#800080">Data Processed at Government Data 
Centre, Chennai</font></p>
<p align="center"><font size="2" color="#000080">
<a target="_top" href="http://www.tn.nic.in/" class="sitedesign">
<font color="#000080">Site Designed and hosted by National Informatics Centre</font></a></font></p>
<p align="center" class="style1">For Feedback: info[dot]tn[at]nic[dot]in</p>

</body>

</html>


<html>

<head>
<meta http-equiv="Content-Type" content="text/html; charset=iso-8859-1">
<meta http-equiv="Pragma" content="no-cache">
<meta http-equiv="CACHE-CONTROL" content="NO-STORE, NO-CACHE, MUST-REVALIDATE, POST-CHECK=0, PRE-CHECK=0" />
<meta http-equiv="refresh">
<meta http-equiv="expires" content="-1">
<title>TN SSLC Results</title>
<style type="text/css">
.title {
	font-family: Arial, Helvetica, sans-serif;
	font-size: 18px;
	font-weight: bold;
	color: #003399;
	text-decoration: none;
}
.subtitle {
	font-family: Arial, Helvetica, sans-serif;
	font-size: 18px;
	font-weight: bold;
	color: #003333;
	text-decoration: none;
}
.directorate {
	font-family: Arial, Helvetica, sans-serif;
	font-size: 15px;
	font-weight: bold;
	color: #990000;
	text-decoration: none;
}
.redtext {
	font-family: Arial, Helvetica, sans-serif;
	font-size: 14px;
	font-weight: bold;
	color: #003399;
	text-decoration: none;
}
.footertxt {
	font-family: Arial, Helvetica, sans-serif;
	font-size: 12px;
	font-weight: bold;
	color: #003399;
	text-decoration: none;
}
.sitedesign {
	font-family: Arial, Helvetica, sans-serif;
	font-size: 12px;
	font-weight: bold;
	color: blue;
	text-decoration: none;


}
.style1 {
				color: #008080;
}


</style>

</head>

<body bgcolor="#e6ffe5" bgcolor="#FAFAD2">

<div align="center">
  <center>
  <table border="1" width="475" bordercolordark="#C0C0C0" cellspacing="2" bordercolorlight="#000080">
    <tr>
      <td width="414" colspan="2">
        <p align="center"><b>CHINEAGA S (  1499941 )</b></p>
      </td>
    </tr>
    <tr>
      <td width="230" class="subtitle"><b>SUBJECT&nbsp;</b></td>
      <td align="right" width="178" class="subtitle"><b>MARKS</b></td>
    </tr>
    <tr>
      <td width="230" class="redtext"><b>LANGUAGE&nbsp;</b></td>
      <td align="right" width="178"><b>095</b>&nbsp;</td>
    </tr>
    <tr>
      <td width="230" class="redtext"><b>ENGLISH</b></td>
      <td align="right" width="178"><b>089</b>&nbsp;</td>
    </tr>
    <tr>
      <td width="230" class="redtext"><b>MATHS</b></td>
      <td align="right" width="178"><b>099</b>&nbsp;</td>
    </tr>
    
    <tr>
    
      <td   width="230" class="redtext"><b>SCIENCE ( Theory  + Practical ) </b></td>
      <td align="right" width="178"><b>( 073 + 025 )&nbsp;&nbsp; 098</b></td>
     
    </tr>
    <tr>
      <td width="230" class="redtext"><b>SOCIAL</b>&nbsp;</td>
      <td align="right" width="178"><b>097</b>&nbsp;</td>
    </tr>
    <tr>
      <td width="230" class="redtext"><b>TOTAL&nbsp;</b></td>
      <td align="right" width="178"><b>478</b>&nbsp;</td>
    </tr>
    <tr>
      <td width="230" class="subtitle"><b>RESULT</b></td>
      <td align="right" width="178"><b>PASS</b>&nbsp;</td>
    </tr>
    
  </table>
  </center>
</div>

    

<p align="center" class="footertxt"><font color="#800080">Data Processed at Government Data 
Centre, Chennai</font></p>
<p align="center"><font size="2" color="#000080">
<a target="_top" href="http://www.tn.nic.in/" class="sitedesign">
<font color="#000080">Site Designed and hosted by National Informatics Centre</font></a></font></p>
<p align="center" class="style1">For Feedback: info[dot]tn[at]nic[dot]in</p>

</body>

</html>


<html>

<head>
<meta http-equiv="Content-Type" content="text/html; charset=iso-8859-1">
<meta http-equiv="Pragma" content="no-cache">
<meta http-equiv="CACHE-CONTROL" content="NO-STORE, NO-CACHE, MUST-REVALIDATE, POST-CHECK=0, PRE-CHECK=0" />
<meta http-equiv="refresh">
<meta http-equiv="expires" content="-1">
<title>TN SSLC Results</title>
<style type="text/css">
.title {
	font-family: Arial, Helvetica, sans-serif;
	font-size: 18px;
	font-weight: bold;
	color: #003399;
	text-decoration: none;
}
.subtitle {
	font-family: Arial, Helvetica, sans-serif;
	font-size: 18px;
	font-weight: bold;
	color: #003333;
	text-decoration: none;
}
.directorate {
	font-family: Arial, Helvetica, sans-serif;
	font-size: 15px;
	font-weight: bold;
	color: #990000;
	text-decoration: none;
}
.redtext {
	font-family: Arial, Helvetica, sans-serif;
	font-size: 14px;
	font-weight: bold;
	color: #003399;
	text-decoration: none;
}
.footertxt {
	font-family: Arial, Helvetica, sans-serif;
	font-size: 12px;
	font-weight: bold;
	color: #003399;
	text-decoration: none;
}
.sitedesign {
	font-family: Arial, Helvetica, sans-serif;
	font-size: 12px;
	font-weight: bold;
	color: blue;
	text-decoration: none;


}
.style1 {
				color: #008080;
}


</style>

</head>

<body bgcolor="#e6ffe5" bgcolor="#FAFAD2">

<div align="center">
  <center>
  <table border="1" width="475" bordercolordark="#C0C0C0" cellspacing="2" bordercolorlight="#000080">
    <tr>
      <td width="414" colspan="2">
        <p align="center"><b>DARSHANI JAIN D (  1499942 )</b></p>
      </td>
    </tr>
    <tr>
      <td width="230" class="subtitle"><b>SUBJECT&nbsp;</b></td>
      <td align="right" width="178" class="subtitle"><b>MARKS</b></td>
    </tr>
    <tr>
      <td width="230" class="redtext"><b>LANGUAGE&nbsp;</b></td>
      <td align="right" width="178"><b>084</b>&nbsp;</td>
    </tr>
    <tr>
      <td width="230" class="redtext"><b>ENGLISH</b></td>
      <td align="right" width="178"><b>084</b>&nbsp;</td>
    </tr>
    <tr>
      <td width="230" class="redtext"><b>MATHS</b></td>
      <td align="right" width="178"><b>075</b>&nbsp;</td>
    </tr>
    
    <tr>
    
      <td   width="230" class="redtext"><b>SCIENCE ( Theory  + Practical ) </b></td>
      <td align="right" width="178"><b>( 066 + 025 )&nbsp;&nbsp; 091</b></td>
     
    </tr>
    <tr>
      <td width="230" class="redtext"><b>SOCIAL</b>&nbsp;</td>
      <td align="right" width="178"><b>093</b>&nbsp;</td>
    </tr>
    <tr>
      <td width="230" class="redtext"><b>TOTAL&nbsp;</b></td>
      <td align="right" width="178"><b>427</b>&nbsp;</td>
    </tr>
    <tr>
      <td width="230" class="subtitle"><b>RESULT</b></td>
      <td align="right" width="178"><b>PASS</b>&nbsp;</td>
    </tr>
    
  </table>
  </center>
</div>

    

<p align="center" class="footertxt"><font color="#800080">Data Processed at Government Data 
Centre, Chennai</font></p>
<p align="center"><font size="2" color="#000080">
<a target="_top" href="http://www.tn.nic.in/" class="sitedesign">
<font color="#000080">Site Designed and hosted by National Informatics Centre</font></a></font></p>
<p align="center" class="style1">For Feedback: info[dot]tn[at]nic[dot]in</p>

</body>

</html>


<html>

<head>
<meta http-equiv="Content-Type" content="text/html; charset=iso-8859-1">
<meta http-equiv="Pragma" content="no-cache">
<meta http-equiv="CACHE-CONTROL" content="NO-STORE, NO-CACHE, MUST-REVALIDATE, POST-CHECK=0, PRE-CHECK=0" />
<meta http-equiv="refresh">
<meta http-equiv="expires" content="-1">
<title>TN SSLC Results</title>
<style type="text/css">
.title {
	font-family: Arial, Helvetica, sans-serif;
	font-size: 18px;
	font-weight: bold;
	color: #003399;
	text-decoration: none;
}
.subtitle {
	font-family: Arial, Helvetica, sans-serif;
	font-size: 18px;
	font-weight: bold;
	color: #003333;
	text-decoration: none;
}
.directorate {
	font-family: Arial, Helvetica, sans-serif;
	font-size: 15px;
	font-weight: bold;
	color: #990000;
	text-decoration: none;
}
.redtext {
	font-family: Arial, Helvetica, sans-serif;
	font-size: 14px;
	font-weight: bold;
	color: #003399;
	text-decoration: none;
}
.footertxt {
	font-family: Arial, Helvetica, sans-serif;
	font-size: 12px;
	font-weight: bold;
	color: #003399;
	text-decoration: none;
}
.sitedesign {
	font-family: Arial, Helvetica, sans-serif;
	font-size: 12px;
	font-weight: bold;
	color: blue;
	text-decoration: none;


}
.style1 {
				color: #008080;
}


</style>

</head>

<body bgcolor="#e6ffe5" bgcolor="#FAFAD2">

<div align="center">
  <center>
  <table border="1" width="475" bordercolordark="#C0C0C0" cellspacing="2" bordercolorlight="#000080">
    <tr>
      <td width="414" colspan="2">
        <p align="center"><b>ISHWARYA R (  1499960 )</b></p>
      </td>
    </tr>
    <tr>
      <td width="230" class="subtitle"><b>SUBJECT&nbsp;</b></td>
      <td align="right" width="178" class="subtitle"><b>MARKS</b></td>
    </tr>
    <tr>
      <td width="230" class="redtext"><b>LANGUAGE&nbsp;</b></td>
      <td align="right" width="178"><b>083</b>&nbsp;</td>
    </tr>
    <tr>
      <td width="230" class="redtext"><b>ENGLISH</b></td>
      <td align="right" width="178"><b>093</b>&nbsp;</td>
    </tr>
    <tr>
      <td width="230" class="redtext"><b>MATHS</b></td>
      <td align="right" width="178"><b>100</b>&nbsp;</td>
    </tr>
    
    <tr>
    
      <td   width="230" class="redtext"><b>SCIENCE ( Theory  + Practical ) </b></td>
      <td align="right" width="178"><b>( 074 + 025 )&nbsp;&nbsp; 099</b></td>
     
    </tr>
    <tr>
      <td width="230" class="redtext"><b>SOCIAL</b>&nbsp;</td>
      <td align="right" width="178"><b>098</b>&nbsp;</td>
    </tr>
    <tr>
      <td width="230" class="redtext"><b>TOTAL&nbsp;</b></td>
      <td align="right" width="178"><b>473</b>&nbsp;</td>
    </tr>
    <tr>
      <td width="230" class="subtitle"><b>RESULT</b></td>
      <td align="right" width="178"><b>PASS</b>&nbsp;</td>
    </tr>
    
  </table>
  </center>
</div>

    

<p align="center" class="footertxt"><font color="#800080">Data Processed at Government Data 
Centre, Chennai</font></p>
<p align="center"><font size="2" color="#000080">
<a target="_top" href="http://www.tn.nic.in/" class="sitedesign">
<font color="#000080">Site Designed and hosted by National Informatics Centre</font></a></font></p>
<p align="center" class="style1">For Feedback: info[dot]tn[at]nic[dot]in</p>

</body>

</html>


<html>

<head>
<meta http-equiv="Content-Type" content="text/html; charset=iso-8859-1">
<meta http-equiv="Pragma" content="no-cache">
<meta http-equiv="CACHE-CONTROL" content="NO-STORE, NO-CACHE, MUST-REVALIDATE, POST-CHECK=0, PRE-CHECK=0" />
<meta http-equiv="refresh">
<meta http-equiv="expires" content="-1">
<title>TN SSLC Results</title>
<style type="text/css">
.title {
	font-family: Arial, Helvetica, sans-serif;
	font-size: 18px;
	font-weight: bold;
	color: #003399;
	text-decoration: none;
}
.subtitle {
	font-family: Arial, Helvetica, sans-serif;
	font-size: 18px;
	font-weight: bold;
	color: #003333;
	text-decoration: none;
}
.directorate {
	font-family: Arial, Helvetica, sans-serif;
	font-size: 15px;
	font-weight: bold;
	color: #990000;
	text-decoration: none;
}
.redtext {
	font-family: Arial, Helvetica, sans-serif;
	font-size: 14px;
	font-weight: bold;
	color: #003399;
	text-decoration: none;
}
.footertxt {
	font-family: Arial, Helvetica, sans-serif;
	font-size: 12px;
	font-weight: bold;
	color: #003399;
	text-decoration: none;
}
.sitedesign {
	font-family: Arial, Helvetica, sans-serif;
	font-size: 12px;
	font-weight: bold;
	color: blue;
	text-decoration: none;


}
.style1 {
				color: #008080;
}


</style>

</head>

<body bgcolor="#e6ffe5" bgcolor="#FAFAD2">

<div align="center">
  <center>
  <table border="1" width="475" bordercolordark="#C0C0C0" cellspacing="2" bordercolorlight="#000080">
    <tr>
      <td width="414" colspan="2">
        <p align="center"><b>JAYASRI K (  1499961 )</b></p>
      </td>
    </tr>
    <tr>
      <td width="230" class="subtitle"><b>SUBJECT&nbsp;</b></td>
      <td align="right" width="178" class="subtitle"><b>MARKS</b></td>
    </tr>
    <tr>
      <td width="230" class="redtext"><b>LANGUAGE&nbsp;</b></td>
      <td align="right" width="178"><b>077</b>&nbsp;</td>
    </tr>
    <tr>
      <td width="230" class="redtext"><b>ENGLISH</b></td>
      <td align="right" width="178"><b>086</b>&nbsp;</td>
    </tr>
    <tr>
      <td width="230" class="redtext"><b>MATHS</b></td>
      <td align="right" width="178"><b>079</b>&nbsp;</td>
    </tr>
    
    <tr>
    
      <td   width="230" class="redtext"><b>SCIENCE ( Theory  + Practical ) </b></td>
      <td align="right" width="178"><b>( 071 + 025 )&nbsp;&nbsp; 096</b></td>
     
    </tr>
    <tr>
      <td width="230" class="redtext"><b>SOCIAL</b>&nbsp;</td>
      <td align="right" width="178"><b>093</b>&nbsp;</td>
    </tr>
    <tr>
      <td width="230" class="redtext"><b>TOTAL&nbsp;</b></td>
      <td align="right" width="178"><b>431</b>&nbsp;</td>
    </tr>
    <tr>
      <td width="230" class="subtitle"><b>RESULT</b></td>
      <td align="right" width="178"><b>PASS</b>&nbsp;</td>
    </tr>
    
  </table>
  </center>
</div>

    

<p align="center" class="footertxt"><font color="#800080">Data Processed at Government Data 
Centre, Chennai</font></p>
<p align="center"><font size="2" color="#000080">
<a target="_top" href="http://www.tn.nic.in/" class="sitedesign">
<font color="#000080">Site Designed and hosted by National Informatics Centre</font></a></font></p>
<p align="center" class="style1">For Feedback: info[dot]tn[at]nic[dot]in</p>

</body>

</html>


<html>

<head>
<meta http-equiv="Content-Type" content="text/html; charset=iso-8859-1">
<meta http-equiv="Pragma" content="no-cache">
<meta http-equiv="CACHE-CONTROL" content="NO-STORE, NO-CACHE, MUST-REVALIDATE, POST-CHECK=0, PRE-CHECK=0" />
<meta http-equiv="refresh">
<meta http-equiv="expires" content="-1">
<title>TN SSLC Results</title>
<style type="text/css">
.title {
	font-family: Arial, Helvetica, sans-serif;
	font-size: 18px;
	font-weight: bold;
	color: #003399;
	text-decoration: none;
}
.subtitle {
	font-family: Arial, Helvetica, sans-serif;
	font-size: 18px;
	font-weight: bold;
	color: #003333;
	text-decoration: none;
}
.directorate {
	font-family: Arial, Helvetica, sans-serif;
	font-size: 15px;
	font-weight: bold;
	color: #990000;
	text-decoration: none;
}
.redtext {
	font-family: Arial, Helvetica, sans-serif;
	font-size: 14px;
	font-weight: bold;
	color: #003399;
	text-decoration: none;
}
.footertxt {
	font-family: Arial, Helvetica, sans-serif;
	font-size: 12px;
	font-weight: bold;
	color: #003399;
	text-decoration: none;
}
.sitedesign {
	font-family: Arial, Helvetica, sans-serif;
	font-size: 12px;
	font-weight: bold;
	color: blue;
	text-decoration: none;


}
.style1 {
				color: #008080;
}


</style>

</head>

<body bgcolor="#e6ffe5" bgcolor="#FAFAD2">

<div align="center">
  <center>
  <table border="1" width="475" bordercolordark="#C0C0C0" cellspacing="2" bordercolorlight="#000080">
    <tr>
      <td width="414" colspan="2">
        <p align="center"><b>GIRIJALAKSHMI B (  1499952 )</b></p>
      </td>
    </tr>
    <tr>
      <td width="230" class="subtitle"><b>SUBJECT&nbsp;</b></td>
      <td align="right" width="178" class="subtitle"><b>MARKS</b></td>
    </tr>
    <tr>
      <td width="230" class="redtext"><b>LANGUAGE&nbsp;</b></td>
      <td align="right" width="178"><b>083</b>&nbsp;</td>
    </tr>
    <tr>
      <td width="230" class="redtext"><b>ENGLISH</b></td>
      <td align="right" width="178"><b>091</b>&nbsp;</td>
    </tr>
    <tr>
      <td width="230" class="redtext"><b>MATHS</b></td>
      <td align="right" width="178"><b>096</b>&nbsp;</td>
    </tr>
    
    <tr>
    
      <td   width="230" class="redtext"><b>SCIENCE ( Theory  + Practical ) </b></td>
      <td align="right" width="178"><b>( 067 + 025 )&nbsp;&nbsp; 092</b></td>
     
    </tr>
    <tr>
      <td width="230" class="redtext"><b>SOCIAL</b>&nbsp;</td>
      <td align="right" width="178"><b>096</b>&nbsp;</td>
    </tr>
    <tr>
      <td width="230" class="redtext"><b>TOTAL&nbsp;</b></td>
      <td align="right" width="178"><b>458</b>&nbsp;</td>
    </tr>
    <tr>
      <td width="230" class="subtitle"><b>RESULT</b></td>
      <td align="right" width="178"><b>PASS</b>&nbsp;</td>
    </tr>
    
  </table>
  </center>
</div>

    

<p align="center" class="footertxt"><font color="#800080">Data Processed at Government Data 
Centre, Chennai</font></p>
<p align="center"><font size="2" color="#000080">
<a target="_top" href="http://www.tn.nic.in/" class="sitedesign">
<font color="#000080">Site Designed and hosted by National Informatics Centre</font></a></font></p>
<p align="center" class="style1">For Feedback: info[dot]tn[at]nic[dot]in</p>

</body>

</html>


<html>

<head>
<meta http-equiv="Content-Type" content="text/html; charset=iso-8859-1">
<meta http-equiv="Pragma" content="no-cache">
<meta http-equiv="CACHE-CONTROL" content="NO-STORE, NO-CACHE, MUST-REVALIDATE, POST-CHECK=0, PRE-CHECK=0" />
<meta http-equiv="refresh">
<meta http-equiv="expires" content="-1">
<title>TN SSLC Results</title>
<style type="text/css">
.title {
	font-family: Arial, Helvetica, sans-serif;
	font-size: 18px;
	font-weight: bold;
	color: #003399;
	text-decoration: none;
}
.subtitle {
	font-family: Arial, Helvetica, sans-serif;
	font-size: 18px;
	font-weight: bold;
	color: #003333;
	text-decoration: none;
}
.directorate {
	font-family: Arial, Helvetica, sans-serif;
	font-size: 15px;
	font-weight: bold;
	color: #990000;
	text-decoration: none;
}
.redtext {
	font-family: Arial, Helvetica, sans-serif;
	font-size: 14px;
	font-weight: bold;
	color: #003399;
	text-decoration: none;
}
.footertxt {
	font-family: Arial, Helvetica, sans-serif;
	font-size: 12px;
	font-weight: bold;
	color: #003399;
	text-decoration: none;
}
.sitedesign {
	font-family: Arial, Helvetica, sans-serif;
	font-size: 12px;
	font-weight: bold;
	color: blue;
	text-decoration: none;


}
.style1 {
				color: #008080;
}


</style>

</head>

<body bgcolor="#e6ffe5" bgcolor="#FAFAD2">

<div align="center">
  <center>
  <table border="1" width="475" bordercolordark="#C0C0C0" cellspacing="2" bordercolorlight="#000080">
    <tr>
      <td width="414" colspan="2">
        <p align="center"><b>MADHUBALA S (  1499983 )</b></p>
      </td>
    </tr>
    <tr>
      <td width="230" class="subtitle"><b>SUBJECT&nbsp;</b></td>
      <td align="right" width="178" class="subtitle"><b>MARKS</b></td>
    </tr>
    <tr>
      <td width="230" class="redtext"><b>LANGUAGE&nbsp;</b></td>
      <td align="right" width="178"><b>094</b>&nbsp;</td>
    </tr>
    <tr>
      <td width="230" class="redtext"><b>ENGLISH</b></td>
      <td align="right" width="178"><b>089</b>&nbsp;</td>
    </tr>
    <tr>
      <td width="230" class="redtext"><b>MATHS</b></td>
      <td align="right" width="178"><b>083</b>&nbsp;</td>
    </tr>
    
    <tr>
    
      <td   width="230" class="redtext"><b>SCIENCE ( Theory  + Practical ) </b></td>
      <td align="right" width="178"><b>( 074 + 025 )&nbsp;&nbsp; 099</b></td>
     
    </tr>
    <tr>
      <td width="230" class="redtext"><b>SOCIAL</b>&nbsp;</td>
      <td align="right" width="178"><b>097</b>&nbsp;</td>
    </tr>
    <tr>
      <td width="230" class="redtext"><b>TOTAL&nbsp;</b></td>
      <td align="right" width="178"><b>462</b>&nbsp;</td>
    </tr>
    <tr>
      <td width="230" class="subtitle"><b>RESULT</b></td>
      <td align="right" width="178"><b>PASS</b>&nbsp;</td>
    </tr>
    
  </table>
  </center>
</div>

    

<p align="center" class="footertxt"><font color="#800080">Data Processed at Government Data 
Centre, Chennai</font></p>
<p align="center"><font size="2" color="#000080">
<a target="_top" href="http://www.tn.nic.in/" class="sitedesign">
<font color="#000080">Site Designed and hosted by National Informatics Centre</font></a></font></p>
<p align="center" class="style1">For Feedback: info[dot]tn[at]nic[dot]in</p>

</body>

</html>


<html>

<head>
<meta http-equiv="Content-Type" content="text/html; charset=iso-8859-1">
<meta http-equiv="Pragma" content="no-cache">
<meta http-equiv="CACHE-CONTROL" content="NO-STORE, NO-CACHE, MUST-REVALIDATE, POST-CHECK=0, PRE-CHECK=0" />
<meta http-equiv="refresh">
<meta http-equiv="expires" content="-1">
<title>TN SSLC Results</title>
<style type="text/css">
.title {
	font-family: Arial, Helvetica, sans-serif;
	font-size: 18px;
	font-weight: bold;
	color: #003399;
	text-decoration: none;
}
.subtitle {
	font-family: Arial, Helvetica, sans-serif;
	font-size: 18px;
	font-weight: bold;
	color: #003333;
	text-decoration: none;
}
.directorate {
	font-family: Arial, Helvetica, sans-serif;
	font-size: 15px;
	font-weight: bold;
	color: #990000;
	text-decoration: none;
}
.redtext {
	font-family: Arial, Helvetica, sans-serif;
	font-size: 14px;
	font-weight: bold;
	color: #003399;
	text-decoration: none;
}
.footertxt {
	font-family: Arial, Helvetica, sans-serif;
	font-size: 12px;
	font-weight: bold;
	color: #003399;
	text-decoration: none;
}
.sitedesign {
	font-family: Arial, Helvetica, sans-serif;
	font-size: 12px;
	font-weight: bold;
	color: blue;
	text-decoration: none;


}
.style1 {
				color: #008080;
}


</style>

</head>

<body bgcolor="#e6ffe5" bgcolor="#FAFAD2">

<div align="center">
  <center>
  <table border="1" width="475" bordercolordark="#C0C0C0" cellspacing="2" bordercolorlight="#000080">
    <tr>
      <td width="414" colspan="2">
        <p align="center"><b>MONALISHA S (  1499992 )</b></p>
      </td>
    </tr>
    <tr>
      <td width="230" class="subtitle"><b>SUBJECT&nbsp;</b></td>
      <td align="right" width="178" class="subtitle"><b>MARKS</b></td>
    </tr>
    <tr>
      <td width="230" class="redtext"><b>LANGUAGE&nbsp;</b></td>
      <td align="right" width="178"><b>092</b>&nbsp;</td>
    </tr>
    <tr>
      <td width="230" class="redtext"><b>ENGLISH</b></td>
      <td align="right" width="178"><b>092</b>&nbsp;</td>
    </tr>
    <tr>
      <td width="230" class="redtext"><b>MATHS</b></td>
      <td align="right" width="178"><b>082</b>&nbsp;</td>
    </tr>
    
    <tr>
    
      <td   width="230" class="redtext"><b>SCIENCE ( Theory  + Practical ) </b></td>
      <td align="right" width="178"><b>( 073 + 025 )&nbsp;&nbsp; 098</b></td>
     
    </tr>
    <tr>
      <td width="230" class="redtext"><b>SOCIAL</b>&nbsp;</td>
      <td align="right" width="178"><b>098</b>&nbsp;</td>
    </tr>
    <tr>
      <td width="230" class="redtext"><b>TOTAL&nbsp;</b></td>
      <td align="right" width="178"><b>462</b>&nbsp;</td>
    </tr>
    <tr>
      <td width="230" class="subtitle"><b>RESULT</b></td>
      <td align="right" width="178"><b>PASS</b>&nbsp;</td>
    </tr>
    
  </table>
  </center>
</div>

    

<p align="center" class="footertxt"><font color="#800080">Data Processed at Government Data 
Centre, Chennai</font></p>
<p align="center"><font size="2" color="#000080">
<a target="_top" href="http://www.tn.nic.in/" class="sitedesign">
<font color="#000080">Site Designed and hosted by National Informatics Centre</font></a></font></p>
<p align="center" class="style1">For Feedback: info[dot]tn[at]nic[dot]in</p>

</body>

</html>


<html>

<head>
<meta http-equiv="Content-Type" content="text/html; charset=iso-8859-1">
<meta http-equiv="Pragma" content="no-cache">
<meta http-equiv="CACHE-CONTROL" content="NO-STORE, NO-CACHE, MUST-REVALIDATE, POST-CHECK=0, PRE-CHECK=0" />
<meta http-equiv="refresh">
<meta http-equiv="expires" content="-1">
<title>TN SSLC Results</title>
<style type="text/css">
.title {
	font-family: Arial, Helvetica, sans-serif;
	font-size: 18px;
	font-weight: bold;
	color: #003399;
	text-decoration: none;
}
.subtitle {
	font-family: Arial, Helvetica, sans-serif;
	font-size: 18px;
	font-weight: bold;
	color: #003333;
	text-decoration: none;
}
.directorate {
	font-family: Arial, Helvetica, sans-serif;
	font-size: 15px;
	font-weight: bold;
	color: #990000;
	text-decoration: none;
}
.redtext {
	font-family: Arial, Helvetica, sans-serif;
	font-size: 14px;
	font-weight: bold;
	color: #003399;
	text-decoration: none;
}
.footertxt {
	font-family: Arial, Helvetica, sans-serif;
	font-size: 12px;
	font-weight: bold;
	color: #003399;
	text-decoration: none;
}
.sitedesign {
	font-family: Arial, Helvetica, sans-serif;
	font-size: 12px;
	font-weight: bold;
	color: blue;
	text-decoration: none;


}
.style1 {
				color: #008080;
}


</style>

</head>

<body bgcolor="#e6ffe5" bgcolor="#FAFAD2">

<div align="center">
  <center>
  <table border="1" width="475" bordercolordark="#C0C0C0" cellspacing="2" bordercolorlight="#000080">
    <tr>
      <td width="414" colspan="2">
        <p align="center"><b>MONESHAA M (  1499993 )</b></p>
      </td>
    </tr>
    <tr>
      <td width="230" class="subtitle"><b>SUBJECT&nbsp;</b></td>
      <td align="right" width="178" class="subtitle"><b>MARKS</b></td>
    </tr>
    <tr>
      <td width="230" class="redtext"><b>LANGUAGE&nbsp;</b></td>
      <td align="right" width="178"><b>090</b>&nbsp;</td>
    </tr>
    <tr>
      <td width="230" class="redtext"><b>ENGLISH</b></td>
      <td align="right" width="178"><b>097</b>&nbsp;</td>
    </tr>
    <tr>
      <td width="230" class="redtext"><b>MATHS</b></td>
      <td align="right" width="178"><b>094</b>&nbsp;</td>
    </tr>
    
    <tr>
    
      <td   width="230" class="redtext"><b>SCIENCE ( Theory  + Practical ) </b></td>
      <td align="right" width="178"><b>( 072 + 025 )&nbsp;&nbsp; 097</b></td>
     
    </tr>
    <tr>
      <td width="230" class="redtext"><b>SOCIAL</b>&nbsp;</td>
      <td align="right" width="178"><b>092</b>&nbsp;</td>
    </tr>
    <tr>
      <td width="230" class="redtext"><b>TOTAL&nbsp;</b></td>
      <td align="right" width="178"><b>470</b>&nbsp;</td>
    </tr>
    <tr>
      <td width="230" class="subtitle"><b>RESULT</b></td>
      <td align="right" width="178"><b>PASS</b>&nbsp;</td>
    </tr>
    
  </table>
  </center>
</div>

    

<p align="center" class="footertxt"><font color="#800080">Data Processed at Government Data 
Centre, Chennai</font></p>
<p align="center"><font size="2" color="#000080">
<a target="_top" href="http://www.tn.nic.in/" class="sitedesign">
<font color="#000080">Site Designed and hosted by National Informatics Centre</font></a></font></p>
<p align="center" class="style1">For Feedback: info[dot]tn[at]nic[dot]in</p>

</body>

</html>